2022-07-06 18:49:10,637:stream.py:701:INFO:alpaca_trade_api.stream:started trading stream
2022-07-06 18:49:10,638:stream.py:710:INFO:alpaca_trade_api.stream:starting trading websocket connection
2022-07-06 18:49:10,663:stream.py:239:INFO:alpaca_trade_api.stream:started stock data stream
2022-07-06 18:49:10,663:stream.py:250:INFO:alpaca_trade_api.stream:starting stock data websocket connection
2022-07-06 18:49:11,240:stream.py:106:INFO:alpaca_trade_api.stream:connected to: wss://stream.data.alpaca.markets/v2/iex
2022-07-06 18:49:11,283:stream.py:673:INFO:alpaca_trade_api.stream:connected to: wss://paper-api.alpaca.markets/stream/
2022-07-06 18:49:11,341:stream.py:193:INFO:alpaca_trade_api.stream:subscribed to trades: [], quotes: [], bars: ['AAPL'], updatedBars: [], dailyBars: [], statuses: [], lulds: [], cancelErrors: [], corrections: []
2022-07-06 18:50:00,862:strategy_scalping.py:115:INFO:AAPL:received bar start: 2022-07-06 16:49:00, close: 141.86, len(bars): 1
2022-07-06 18:51:01,081:strategy_scalping.py:115:INFO:AAPL:received bar start: 2022-07-06 16:50:00, close: 141.875, len(bars): 2
2022-07-06 18:52:00,983:strategy_scalping.py:115:INFO:AAPL:received bar start: 2022-07-06 16:51:00, close: 141.83, len(bars): 3
2022-07-06 18:53:00,922:strategy_scalping.py:115:INFO:AAPL:received bar start: 2022-07-06 16:52:00, close: 141.67, len(bars): 4
2022-07-06 18:54:00,180:strategy_scalping.py:115:INFO:AAPL:received bar start: 2022-07-06 16:53:00, close: 141.725, len(bars): 5
2022-07-06 18:55:00,995:strategy_scalping.py:115:INFO:AAPL:received bar start: 2022-07-06 16:54:00, close: 141.83, len(bars): 6
2022-07-06 18:56:01,002:strategy_scalping.py:115:INFO:AAPL:received bar start: 2022-07-06 16:55:00, close: 141.8, len(bars): 7
2022-07-06 18:57:01,003:strategy_scalping.py:115:INFO:AAPL:received bar start: 2022-07-06 16:56:00, close: 141.72, len(bars): 8
2022-07-06 18:58:00,911:strategy_scalping.py:115:INFO:AAPL:received bar start: 2022-07-06 16:57:00, close: 141.82, len(bars): 9
2022-07-06 18:59:01,226:strategy_scalping.py:115:INFO:AAPL:received bar start: 2022-07-06 16:58:00, close: 141.835, len(bars): 10
2022-07-06 19:00:01,185:strategy_scalping.py:115:INFO:AAPL:received bar start: 2022-07-06 16:59:00, close: 141.845, len(bars): 11
2022-07-06 19:01:00,915:strategy_scalping.py:115:INFO:AAPL:received bar start: 2022-07-06 17:00:00, close: 141.995, len(bars): 12
2022-07-06 19:02:00,859:strategy_scalping.py:115:INFO:AAPL:received bar start: 2022-07-06 17:01:00, close: 141.995, len(bars): 13
2022-07-06 19:03:00,943:strategy_scalping.py:115:INFO:AAPL:received bar start: 2022-07-06 17:02:00, close: 142.085, len(bars): 14
2022-07-06 19:04:01,152:strategy_scalping.py:115:INFO:AAPL:received bar start: 2022-07-06 17:03:00, close: 142.04, len(bars): 15
2022-07-06 19:05:00,954:strategy_scalping.py:115:INFO:AAPL:received bar start: 2022-07-06 17:04:00, close: 142.015, len(bars): 16
2022-07-06 19:06:00,859:strategy_scalping.py:115:INFO:AAPL:received bar start: 2022-07-06 17:05:00, close: 142.055, len(bars): 17
2022-07-06 19:07:00,043:strategy_scalping.py:115:INFO:AAPL:received bar start: 2022-07-06 17:06:00, close: 142.17, len(bars): 18
2022-07-06 19:08:01,077:strategy_scalping.py:115:INFO:AAPL:received bar start: 2022-07-06 17:07:00, close: 142.24, len(bars): 19
2022-07-06 19:09:00,857:strategy_scalping.py:115:INFO:AAPL:received bar start: 2022-07-06 17:08:00, close: 142.33, len(bars): 20
2022-07-06 19:10:00,989:strategy_scalping.py:115:INFO:AAPL:received bar start: 2022-07-06 17:09:00, close: 142.34, len(bars): 21
2022-07-06 19:10:01,022:strategy_scalping.py:102:INFO:AAPL:closes[-2:] = [142.33 142.34], mavg[-2:] = [141.93675 141.96075]
2022-07-06 19:11:01,016:strategy_scalping.py:115:INFO:AAPL:received bar start: 2022-07-06 17:10:00, close: 142.24, len(bars): 22
2022-07-06 19:11:01,020:strategy_scalping.py:102:INFO:AAPL:closes[-2:] = [142.34 142.24], mavg[-2:] = [141.96075 141.979  ]
2022-07-06 19:12:01,121:strategy_scalping.py:115:INFO:AAPL:received bar start: 2022-07-06 17:11:00, close: 142.27, len(bars): 23
2022-07-06 19:12:01,126:strategy_scalping.py:102:INFO:AAPL:closes[-2:] = [142.24 142.27], mavg[-2:] = [141.979 142.001]
2022-07-06 19:13:01,129:strategy_scalping.py:115:INFO:AAPL:received bar start: 2022-07-06 17:12:00, close: 142.285, len(bars): 24
2022-07-06 19:13:01,132:strategy_scalping.py:102:INFO:AAPL:closes[-2:] = [142.27  142.285], mavg[-2:] = [142.001   142.03175]
2022-07-06 19:14:00,929:strategy_scalping.py:115:INFO:AAPL:received bar start: 2022-07-06 17:13:00, close: 142.28, len(bars): 25
2022-07-06 19:14:00,934:strategy_scalping.py:102:INFO:AAPL:closes[-2:] = [142.285 142.28 ], mavg[-2:] = [142.03175 142.0595 ]
2022-07-06 19:15:00,876:strategy_scalping.py:115:INFO:AAPL:received bar start: 2022-07-06 17:14:00, close: 142.32, len(bars): 26
2022-07-06 19:15:00,880:strategy_scalping.py:102:INFO:AAPL:closes[-2:] = [142.28 142.32], mavg[-2:] = [142.0595 142.084 ]
2022-07-06 19:16:00,995:strategy_scalping.py:115:INFO:AAPL:received bar start: 2022-07-06 17:15:00, close: 142.33, len(bars): 27
2022-07-06 19:16:01,001:strategy_scalping.py:102:INFO:AAPL:closes[-2:] = [142.32 142.33], mavg[-2:] = [142.084  142.1105]
2022-07-06 19:17:01,110:strategy_scalping.py:115:INFO:AAPL:received bar start: 2022-07-06 17:16:00, close: 142.21, len(bars): 28
2022-07-06 19:17:01,115:strategy_scalping.py:102:INFO:AAPL:closes[-2:] = [142.33 142.21], mavg[-2:] = [142.1105 142.135 ]
2022-07-06 19:18:01,060:strategy_scalping.py:115:INFO:AAPL:received bar start: 2022-07-06 17:17:00, close: 142.21, len(bars): 29
2022-07-06 19:18:01,064:strategy_scalping.py:102:INFO:AAPL:closes[-2:] = [142.21 142.21], mavg[-2:] = [142.135  142.1545]
2022-07-06 19:19:00,046:strategy_scalping.py:115:INFO:AAPL:received bar start: 2022-07-06 17:18:00, close: 142.335, len(bars): 30
2022-07-06 19:19:00,050:strategy_scalping.py:102:INFO:AAPL:closes[-2:] = [142.21  142.335], mavg[-2:] = [142.1545 142.1795]
2022-07-06 19:20:01,073:strategy_scalping.py:115:INFO:AAPL:received bar start: 2022-07-06 17:19:00, close: 142.33, len(bars): 31
2022-07-06 19:20:01,078:strategy_scalping.py:102:INFO:AAPL:closes[-2:] = [142.335 142.33 ], mavg[-2:] = [142.1795  142.20375]
2022-07-06 19:21:01,027:strategy_scalping.py:115:INFO:AAPL:received bar start: 2022-07-06 17:20:00, close: 142.255, len(bars): 32
2022-07-06 19:21:01,031:strategy_scalping.py:102:INFO:AAPL:closes[-2:] = [142.33  142.255], mavg[-2:] = [142.20375 142.21675]
2022-07-06 19:22:01,088:strategy_scalping.py:115:INFO:AAPL:received bar start: 2022-07-06 17:21:00, close: 142.205, len(bars): 33
2022-07-06 19:22:01,093:strategy_scalping.py:102:INFO:AAPL:closes[-2:] = [142.255 142.205], mavg[-2:] = [142.21675 142.22725]
2022-07-06 19:23:01,093:strategy_scalping.py:115:INFO:AAPL:received bar start: 2022-07-06 17:22:00, close: 142.28, len(bars): 34
2022-07-06 19:23:01,100:strategy_scalping.py:97:INFO:AAPL:buy signal: closes[-2] 142.205 < mavg[-2] 142.22725000000003 closes[-1] 142.28 > mavg[-1] 142.23700000000002
2022-07-06 19:23:02,512:strategy_scalping.py:176:INFO:AAPL:submitted buy Order({   'asset_class': 'us_equity',
    'asset_id': 'b0b6dd9d-8b9b-48a9-ba46-b9d54906e415',
    'canceled_at': None,
    'client_order_id': '50550055-55bd-4205-a123-f8a0f34d24b3',
    'created_at': '2022-07-06T17:23:02.517683956Z',
    'expired_at': None,
    'extended_hours': False,
    'failed_at': None,
    'filled_at': None,
    'filled_avg_price': None,
    'filled_qty': '0',
    'hwm': None,
    'id': 'a3a89e3c-7b6a-4961-a3e3-9c78224a5a9c',
    'legs': None,
    'limit_price': '142.28',
    'notional': None,
    'order_class': '',
    'order_type': 'limit',
    'qty': '14',
    'replaced_at': None,
    'replaced_by': None,
    'replaces': None,
    'side': 'buy',
    'source': None,
    'status': 'pending_new',
    'stop_price': None,
    'submitted_at': '2022-07-06T17:23:02.517002186Z',
    'subtag': None,
    'symbol': 'AAPL',
    'time_in_force': 'day',
    'trail_percent': None,
    'trail_price': None,
    'type': 'limit',
    'updated_at': '2022-07-06T17:23:02.517757216Z'})
2022-07-06 19:23:02,513:strategy_scalping.py:210:INFO:AAPL:transition from TO_BUY to BUY_SUBMITTED
2022-07-06 19:23:02,526:strategy_scalping.py:126:INFO:AAPL:order update: new = {'asset_class': 'us_equity', 'asset_id': 'b0b6dd9d-8b9b-48a9-ba46-b9d54906e415', 'cancel_requested_at': None, 'canceled_at': None, 'client_order_id': '50550055-55bd-4205-a123-f8a0f34d24b3', 'created_at': '2022-07-06T13:23:02.517683956-04:00', 'expired_at': None, 'extended_hours': False, 'failed_at': None, 'filled_at': None, 'filled_avg_price': None, 'filled_qty': '0', 'hwm': None, 'id': 'a3a89e3c-7b6a-4961-a3e3-9c78224a5a9c', 'legs': None, 'limit_price': '142.28', 'notional': None, 'order_class': '', 'order_type': 'limit', 'qty': '14', 'replaced_at': None, 'replaced_by': None, 'replaces': None, 'side': 'buy', 'status': 'new', 'stop_price': None, 'submitted_at': '2022-07-06T13:23:02.517002186-04:00', 'symbol': 'AAPL', 'time_in_force': 'day', 'trail_percent': None, 'trail_price': None, 'type': 'limit', 'updated_at': '2022-07-06T13:23:02.524355195-04:00'}
2022-07-06 19:24:00,915:strategy_scalping.py:115:INFO:AAPL:received bar start: 2022-07-06 17:23:00, close: 142.31, len(bars): 35
2022-07-06 19:24:17,559:strategy_scalping.py:126:INFO:AAPL:order update: fill = {'asset_class': 'us_equity', 'asset_id': 'b0b6dd9d-8b9b-48a9-ba46-b9d54906e415', 'cancel_requested_at': None, 'canceled_at': None, 'client_order_id': '50550055-55bd-4205-a123-f8a0f34d24b3', 'created_at': '2022-07-06T13:23:02.517683956-04:00', 'expired_at': None, 'extended_hours': False, 'failed_at': None, 'filled_at': '2022-07-06T17:24:17.559886753Z', 'filled_avg_price': '142.28', 'filled_qty': '14', 'hwm': None, 'id': 'a3a89e3c-7b6a-4961-a3e3-9c78224a5a9c', 'legs': None, 'limit_price': '142.28', 'notional': None, 'order_class': '', 'order_type': 'limit', 'qty': '14', 'replaced_at': None, 'replaced_by': None, 'replaces': None, 'side': 'buy', 'status': 'filled', 'stop_price': None, 'submitted_at': '2022-07-06T13:23:02.517002186-04:00', 'symbol': 'AAPL', 'time_in_force': 'day', 'trail_percent': None, 'trail_price': None, 'type': 'limit', 'updated_at': '2022-07-06T13:24:17.56292048-04:00'}
2022-07-06 19:24:17,689:strategy_scalping.py:210:INFO:AAPL:transition from BUY_SUBMITTED to TO_SELL
2022-07-06 19:24:18,328:strategy_scalping.py:206:INFO:AAPL:submitted sell Order({   'asset_class': 'us_equity',
    'asset_id': 'b0b6dd9d-8b9b-48a9-ba46-b9d54906e415',
    'canceled_at': None,
    'client_order_id': 'c342de08-67b9-475b-804a-3e81a42faf24',
    'created_at': '2022-07-06T17:24:18.335949889Z',
    'expired_at': None,
    'extended_hours': False,
    'failed_at': None,
    'filled_at': None,
    'filled_avg_price': None,
    'filled_qty': '0',
    'hwm': None,
    'id': '90efbc1d-f439-419e-a237-3607d67d4580',
    'legs': None,
    'limit_price': '142.31',
    'notional': None,
    'order_class': '',
    'order_type': 'limit',
    'qty': '14',
    'replaced_at': None,
    'replaced_by': None,
    'replaces': None,
    'side': 'sell',
    'source': None,
    'status': 'pending_new',
    'stop_price': None,
    'submitted_at': '2022-07-06T17:24:18.335377539Z',
    'subtag': None,
    'symbol': 'AAPL',
    'time_in_force': 'day',
    'trail_percent': None,
    'trail_price': None,
    'type': 'limit',
    'updated_at': '2022-07-06T17:24:18.336002339Z'})
2022-07-06 19:24:18,329:strategy_scalping.py:210:INFO:AAPL:transition from TO_SELL to SELL_SUBMITTED
2022-07-06 19:24:18,335:strategy_scalping.py:126:INFO:AAPL:order update: new = {'asset_class': 'us_equity', 'asset_id': 'b0b6dd9d-8b9b-48a9-ba46-b9d54906e415', 'cancel_requested_at': None, 'canceled_at': None, 'client_order_id': 'c342de08-67b9-475b-804a-3e81a42faf24', 'created_at': '2022-07-06T13:24:18.335949889-04:00', 'expired_at': None, 'extended_hours': False, 'failed_at': None, 'filled_at': None, 'filled_avg_price': None, 'filled_qty': '0', 'hwm': None, 'id': '90efbc1d-f439-419e-a237-3607d67d4580', 'legs': None, 'limit_price': '142.31', 'notional': None, 'order_class': '', 'order_type': 'limit', 'qty': '14', 'replaced_at': None, 'replaced_by': None, 'replaces': None, 'side': 'sell', 'status': 'new', 'stop_price': None, 'submitted_at': '2022-07-06T13:24:18.335377539-04:00', 'symbol': 'AAPL', 'time_in_force': 'day', 'trail_percent': None, 'trail_price': None, 'type': 'limit', 'updated_at': '2022-07-06T13:24:18.342623129-04:00'}
2022-07-06 19:24:51,500:strategy_scalping.py:126:INFO:AAPL:order update: fill = {'asset_class': 'us_equity', 'asset_id': 'b0b6dd9d-8b9b-48a9-ba46-b9d54906e415', 'cancel_requested_at': None, 'canceled_at': None, 'client_order_id': 'c342de08-67b9-475b-804a-3e81a42faf24', 'created_at': '2022-07-06T13:24:18.335949889-04:00', 'expired_at': None, 'extended_hours': False, 'failed_at': None, 'filled_at': '2022-07-06T17:24:51.498464241Z', 'filled_avg_price': '142.31', 'filled_qty': '14', 'hwm': None, 'id': '90efbc1d-f439-419e-a237-3607d67d4580', 'legs': None, 'limit_price': '142.31', 'notional': None, 'order_class': '', 'order_type': 'limit', 'qty': '14', 'replaced_at': None, 'replaced_by': None, 'replaces': None, 'side': 'sell', 'status': 'filled', 'stop_price': None, 'submitted_at': '2022-07-06T13:24:18.335377539-04:00', 'symbol': 'AAPL', 'time_in_force': 'day', 'trail_percent': None, 'trail_price': None, 'type': 'limit', 'updated_at': '2022-07-06T13:24:51.501694713-04:00'}
2022-07-06 19:24:51,501:strategy_scalping.py:210:INFO:AAPL:transition from SELL_SUBMITTED to TO_BUY
2022-07-06 19:26:01,014:strategy_scalping.py:115:INFO:AAPL:received bar start: 2022-07-06 17:25:00, close: 142.25, len(bars): 36
2022-07-06 19:26:01,021:strategy_scalping.py:102:INFO:AAPL:closes[-2:] = [142.31 142.25], mavg[-2:] = [142.2505  142.26225]
2022-07-06 19:27:01,120:strategy_scalping.py:115:INFO:AAPL:received bar start: 2022-07-06 17:26:00, close: 142.26, len(bars): 37
2022-07-06 19:27:01,125:strategy_scalping.py:102:INFO:AAPL:closes[-2:] = [142.25 142.26], mavg[-2:] = [142.26225 142.2725 ]
2022-07-06 19:28:01,106:strategy_scalping.py:115:INFO:AAPL:received bar start: 2022-07-06 17:27:00, close: 142.17, len(bars): 38
2022-07-06 19:28:01,110:strategy_scalping.py:102:INFO:AAPL:closes[-2:] = [142.26 142.17], mavg[-2:] = [142.2725 142.2725]
2022-07-06 19:29:00,901:strategy_scalping.py:115:INFO:AAPL:received bar start: 2022-07-06 17:28:00, close: 142.19, len(bars): 39
2022-07-06 19:29:00,906:strategy_scalping.py:102:INFO:AAPL:closes[-2:] = [142.17 142.19], mavg[-2:] = [142.2725 142.27  ]
2022-07-06 19:30:00,820:strategy_scalping.py:115:INFO:AAPL:received bar start: 2022-07-06 17:29:00, close: 142.21, len(bars): 40
2022-07-06 19:30:00,826:strategy_scalping.py:102:INFO:AAPL:closes[-2:] = [142.19 142.21], mavg[-2:] = [142.27  142.264]
2022-07-06 19:31:01,016:strategy_scalping.py:115:INFO:AAPL:received bar start: 2022-07-06 17:30:00, close: 142.15, len(bars): 41
2022-07-06 19:31:01,021:strategy_scalping.py:102:INFO:AAPL:closes[-2:] = [142.21 142.15], mavg[-2:] = [142.264  142.2545]
2022-07-06 19:32:01,030:strategy_scalping.py:115:INFO:AAPL:received bar start: 2022-07-06 17:31:00, close: 142.23, len(bars): 42
2022-07-06 19:32:01,035:strategy_scalping.py:102:INFO:AAPL:closes[-2:] = [142.15 142.23], mavg[-2:] = [142.2545 142.254 ]
2022-07-06 19:33:00,935:strategy_scalping.py:115:INFO:AAPL:received bar start: 2022-07-06 17:32:00, close: 142.215, len(bars): 43
2022-07-06 19:33:00,940:strategy_scalping.py:102:INFO:AAPL:closes[-2:] = [142.23  142.215], mavg[-2:] = [142.254   142.25125]
2022-07-06 19:34:00,907:strategy_scalping.py:115:INFO:AAPL:received bar start: 2022-07-06 17:33:00, close: 142.15, len(bars): 44
2022-07-06 19:34:00,912:strategy_scalping.py:102:INFO:AAPL:closes[-2:] = [142.215 142.15 ], mavg[-2:] = [142.25125 142.2445 ]
2022-07-06 19:35:01,050:strategy_scalping.py:115:INFO:AAPL:received bar start: 2022-07-06 17:34:00, close: 142.205, len(bars): 45
2022-07-06 19:35:01,056:strategy_scalping.py:102:INFO:AAPL:closes[-2:] = [142.15  142.205], mavg[-2:] = [142.2445  142.24075]
2022-07-06 19:36:01,057:strategy_scalping.py:115:INFO:AAPL:received bar start: 2022-07-06 17:35:00, close: 142.25, len(bars): 46
2022-07-06 19:36:01,061:strategy_scalping.py:97:INFO:AAPL:buy signal: closes[-2] 142.205 < mavg[-2] 142.2407500000001 closes[-1] 142.25 > mavg[-1] 142.23725000000007
2022-07-06 19:36:01,826:strategy_scalping.py:176:INFO:AAPL:submitted buy Order({   'asset_class': 'us_equity',
    'asset_id': 'b0b6dd9d-8b9b-48a9-ba46-b9d54906e415',
    'canceled_at': None,
    'client_order_id': 'b1154666-8e5d-4173-b4a9-c7f050fc5ca3',
    'created_at': '2022-07-06T17:36:01.858918139Z',
    'expired_at': None,
    'extended_hours': False,
    'failed_at': None,
    'filled_at': None,
    'filled_avg_price': None,
    'filled_qty': '0',
    'hwm': None,
    'id': '3658f17f-d0fc-4fc7-81e4-87008b83dd98',
    'legs': None,
    'limit_price': '142.25',
    'notional': None,
    'order_class': '',
    'order_type': 'limit',
    'qty': '14',
    'replaced_at': None,
    'replaced_by': None,
    'replaces': None,
    'side': 'buy',
    'source': None,
    'status': 'pending_new',
    'stop_price': None,
    'submitted_at': '2022-07-06T17:36:01.858207939Z',
    'subtag': None,
    'symbol': 'AAPL',
    'time_in_force': 'day',
    'trail_percent': None,
    'trail_price': None,
    'type': 'limit',
    'updated_at': '2022-07-06T17:36:01.858973239Z'})
2022-07-06 19:36:01,830:strategy_scalping.py:210:INFO:AAPL:transition from TO_BUY to BUY_SUBMITTED
2022-07-06 19:36:01,854:strategy_scalping.py:126:INFO:AAPL:order update: new = {'asset_class': 'us_equity', 'asset_id': 'b0b6dd9d-8b9b-48a9-ba46-b9d54906e415', 'cancel_requested_at': None, 'canceled_at': None, 'client_order_id': 'b1154666-8e5d-4173-b4a9-c7f050fc5ca3', 'created_at': '2022-07-06T13:36:01.858918139-04:00', 'expired_at': None, 'extended_hours': False, 'failed_at': None, 'filled_at': None, 'filled_avg_price': None, 'filled_qty': '0', 'hwm': None, 'id': '3658f17f-d0fc-4fc7-81e4-87008b83dd98', 'legs': None, 'limit_price': '142.25', 'notional': None, 'order_class': '', 'order_type': 'limit', 'qty': '14', 'replaced_at': None, 'replaced_by': None, 'replaces': None, 'side': 'buy', 'status': 'new', 'stop_price': None, 'submitted_at': '2022-07-06T13:36:01.858207939-04:00', 'symbol': 'AAPL', 'time_in_force': 'day', 'trail_percent': None, 'trail_price': None, 'type': 'limit', 'updated_at': '2022-07-06T13:36:01.881265257-04:00'}
2022-07-06 19:36:02,005:strategy_scalping.py:126:INFO:AAPL:order update: fill = {'asset_class': 'us_equity', 'asset_id': 'b0b6dd9d-8b9b-48a9-ba46-b9d54906e415', 'cancel_requested_at': None, 'canceled_at': None, 'client_order_id': 'b1154666-8e5d-4173-b4a9-c7f050fc5ca3', 'created_at': '2022-07-06T13:36:01.858918139-04:00', 'expired_at': None, 'extended_hours': False, 'failed_at': None, 'filled_at': '2022-07-06T17:36:02.029782545Z', 'filled_avg_price': '142.25', 'filled_qty': '14', 'hwm': None, 'id': '3658f17f-d0fc-4fc7-81e4-87008b83dd98', 'legs': None, 'limit_price': '142.25', 'notional': None, 'order_class': '', 'order_type': 'limit', 'qty': '14', 'replaced_at': None, 'replaced_by': None, 'replaces': None, 'side': 'buy', 'status': 'filled', 'stop_price': None, 'submitted_at': '2022-07-06T13:36:01.858207939-04:00', 'symbol': 'AAPL', 'time_in_force': 'day', 'trail_percent': None, 'trail_price': None, 'type': 'limit', 'updated_at': '2022-07-06T13:36:02.034710791-04:00'}
2022-07-06 19:36:02,120:strategy_scalping.py:210:INFO:AAPL:transition from BUY_SUBMITTED to TO_SELL
2022-07-06 19:36:02,359:strategy_scalping.py:206:INFO:AAPL:submitted sell Order({   'asset_class': 'us_equity',
    'asset_id': 'b0b6dd9d-8b9b-48a9-ba46-b9d54906e415',
    'canceled_at': None,
    'client_order_id': '65eba262-1fc2-4af6-a08b-d3e9622afd6a',
    'created_at': '2022-07-06T17:36:02.392488523Z',
    'expired_at': None,
    'extended_hours': False,
    'failed_at': None,
    'filled_at': None,
    'filled_avg_price': None,
    'filled_qty': '0',
    'hwm': None,
    'id': '12c34bd2-6a9b-40cd-b68d-19a949891b9d',
    'legs': None,
    'limit_price': '142.26',
    'notional': None,
    'order_class': '',
    'order_type': 'limit',
    'qty': '14',
    'replaced_at': None,
    'replaced_by': None,
    'replaces': None,
    'side': 'sell',
    'source': None,
    'status': 'pending_new',
    'stop_price': None,
    'submitted_at': '2022-07-06T17:36:02.391923004Z',
    'subtag': None,
    'symbol': 'AAPL',
    'time_in_force': 'day',
    'trail_percent': None,
    'trail_price': None,
    'type': 'limit',
    'updated_at': '2022-07-06T17:36:02.392549963Z'})
2022-07-06 19:36:02,360:strategy_scalping.py:210:INFO:AAPL:transition from TO_SELL to SELL_SUBMITTED
2022-07-06 19:36:02,370:strategy_scalping.py:126:INFO:AAPL:order update: new = {'asset_class': 'us_equity', 'asset_id': 'b0b6dd9d-8b9b-48a9-ba46-b9d54906e415', 'cancel_requested_at': None, 'canceled_at': None, 'client_order_id': '65eba262-1fc2-4af6-a08b-d3e9622afd6a', 'created_at': '2022-07-06T13:36:02.392488523-04:00', 'expired_at': None, 'extended_hours': False, 'failed_at': None, 'filled_at': None, 'filled_avg_price': None, 'filled_qty': '0', 'hwm': None, 'id': '12c34bd2-6a9b-40cd-b68d-19a949891b9d', 'legs': None, 'limit_price': '142.26', 'notional': None, 'order_class': '', 'order_type': 'limit', 'qty': '14', 'replaced_at': None, 'replaced_by': None, 'replaces': None, 'side': 'sell', 'status': 'new', 'stop_price': None, 'submitted_at': '2022-07-06T13:36:02.391923004-04:00', 'symbol': 'AAPL', 'time_in_force': 'day', 'trail_percent': None, 'trail_price': None, 'type': 'limit', 'updated_at': '2022-07-06T13:36:02.400008663-04:00'}
2022-07-06 19:36:40,169:strategy_scalping.py:126:INFO:AAPL:order update: fill = {'asset_class': 'us_equity', 'asset_id': 'b0b6dd9d-8b9b-48a9-ba46-b9d54906e415', 'cancel_requested_at': None, 'canceled_at': None, 'client_order_id': '65eba262-1fc2-4af6-a08b-d3e9622afd6a', 'created_at': '2022-07-06T13:36:02.392488523-04:00', 'expired_at': None, 'extended_hours': False, 'failed_at': None, 'filled_at': '2022-07-06T17:36:40.107473602Z', 'filled_avg_price': '142.26', 'filled_qty': '14', 'hwm': None, 'id': '12c34bd2-6a9b-40cd-b68d-19a949891b9d', 'legs': None, 'limit_price': '142.26', 'notional': None, 'order_class': '', 'order_type': 'limit', 'qty': '14', 'replaced_at': None, 'replaced_by': None, 'replaces': None, 'side': 'sell', 'status': 'filled', 'stop_price': None, 'submitted_at': '2022-07-06T13:36:02.391923004-04:00', 'symbol': 'AAPL', 'time_in_force': 'day', 'trail_percent': None, 'trail_price': None, 'type': 'limit', 'updated_at': '2022-07-06T13:36:40.111399063-04:00'}
2022-07-06 19:36:40,170:strategy_scalping.py:210:INFO:AAPL:transition from SELL_SUBMITTED to TO_BUY
2022-07-06 19:37:00,038:strategy_scalping.py:115:INFO:AAPL:received bar start: 2022-07-06 17:36:00, close: 142.21, len(bars): 47
2022-07-06 19:37:00,041:strategy_scalping.py:102:INFO:AAPL:closes[-2:] = [142.25 142.21], mavg[-2:] = [142.23725 142.23125]
2022-07-06 19:38:00,967:strategy_scalping.py:115:INFO:AAPL:received bar start: 2022-07-06 17:37:00, close: 142.325, len(bars): 48
2022-07-06 19:38:00,971:strategy_scalping.py:97:INFO:AAPL:buy signal: closes[-2] 142.21 < mavg[-2] 142.2312500000001 closes[-1] 142.325 > mavg[-1] 142.23700000000008
2022-07-06 19:38:01,568:strategy_scalping.py:171:INFO:AAPL:invalid limit_price 142.325. sub-penny increment does not fulfill minimum pricing criteria
2022-07-06 19:38:01,569:strategy_scalping.py:210:INFO:AAPL:transition from TO_BUY to TO_BUY
2022-07-06 19:39:00,972:strategy_scalping.py:115:INFO:AAPL:received bar start: 2022-07-06 17:38:00, close: 142.24, len(bars): 49
2022-07-06 19:39:00,975:strategy_scalping.py:102:INFO:AAPL:closes[-2:] = [142.325 142.24 ], mavg[-2:] = [142.237  142.2385]
2022-07-06 19:40:01,083:strategy_scalping.py:115:INFO:AAPL:received bar start: 2022-07-06 17:39:00, close: 142.26, len(bars): 50
2022-07-06 19:40:01,088:strategy_scalping.py:102:INFO:AAPL:closes[-2:] = [142.24 142.26], mavg[-2:] = [142.2385  142.23475]
2022-07-06 19:41:01,088:strategy_scalping.py:115:INFO:AAPL:received bar start: 2022-07-06 17:40:00, close: 142.33, len(bars): 51
2022-07-06 19:41:01,092:strategy_scalping.py:102:INFO:AAPL:closes[-2:] = [142.26 142.33], mavg[-2:] = [142.23475 142.23475]
2022-07-06 19:42:01,198:strategy_scalping.py:115:INFO:AAPL:received bar start: 2022-07-06 17:41:00, close: 142.25, len(bars): 52
2022-07-06 19:42:01,202:strategy_scalping.py:102:INFO:AAPL:closes[-2:] = [142.33 142.25], mavg[-2:] = [142.23475 142.2345 ]
2022-07-06 19:43:00,895:strategy_scalping.py:115:INFO:AAPL:received bar start: 2022-07-06 17:42:00, close: 142.3, len(bars): 53
2022-07-06 19:43:00,900:strategy_scalping.py:102:INFO:AAPL:closes[-2:] = [142.25 142.3 ], mavg[-2:] = [142.2345  142.23925]
2022-07-06 19:44:00,900:strategy_scalping.py:115:INFO:AAPL:received bar start: 2022-07-06 17:43:00, close: 142.455, len(bars): 54
2022-07-06 19:44:00,904:strategy_scalping.py:102:INFO:AAPL:closes[-2:] = [142.3   142.455], mavg[-2:] = [142.23925 142.248  ]
2022-07-06 19:45:01,089:strategy_scalping.py:115:INFO:AAPL:received bar start: 2022-07-06 17:44:00, close: 142.48, len(bars): 55
2022-07-06 19:45:01,094:strategy_scalping.py:102:INFO:AAPL:closes[-2:] = [142.455 142.48 ], mavg[-2:] = [142.248  142.2565]
2022-07-06 19:46:00,915:strategy_scalping.py:115:INFO:AAPL:received bar start: 2022-07-06 17:45:00, close: 142.39, len(bars): 56
2022-07-06 19:46:00,919:strategy_scalping.py:102:INFO:AAPL:closes[-2:] = [142.48 142.39], mavg[-2:] = [142.2565 142.2635]
2022-07-06 19:47:00,924:strategy_scalping.py:115:INFO:AAPL:received bar start: 2022-07-06 17:46:00, close: 142.38, len(bars): 57
2022-07-06 19:47:00,928:strategy_scalping.py:102:INFO:AAPL:closes[-2:] = [142.39 142.38], mavg[-2:] = [142.2635 142.2695]
2022-07-06 19:48:00,079:strategy_scalping.py:115:INFO:AAPL:received bar start: 2022-07-06 17:47:00, close: 142.405, len(bars): 58
2022-07-06 19:48:00,082:strategy_scalping.py:102:INFO:AAPL:closes[-2:] = [142.38  142.405], mavg[-2:] = [142.2695  142.28125]
2022-07-06 19:48:59,995:strategy_scalping.py:115:INFO:AAPL:received bar start: 2022-07-06 17:48:00, close: 142.43, len(bars): 59
2022-07-06 19:49:00,002:strategy_scalping.py:102:INFO:AAPL:closes[-2:] = [142.405 142.43 ], mavg[-2:] = [142.28125 142.29325]
2022-07-06 19:50:00,936:strategy_scalping.py:115:INFO:AAPL:received bar start: 2022-07-06 17:49:00, close: 142.435, len(bars): 60
2022-07-06 19:50:00,943:strategy_scalping.py:102:INFO:AAPL:closes[-2:] = [142.43  142.435], mavg[-2:] = [142.29325 142.3045 ]
2022-07-06 19:51:00,955:strategy_scalping.py:115:INFO:AAPL:received bar start: 2022-07-06 17:50:00, close: 142.415, len(bars): 61
2022-07-06 19:51:00,959:strategy_scalping.py:102:INFO:AAPL:closes[-2:] = [142.435 142.415], mavg[-2:] = [142.3045  142.31775]
2022-07-06 19:52:00,957:strategy_scalping.py:115:INFO:AAPL:received bar start: 2022-07-06 17:51:00, close: 142.425, len(bars): 62
2022-07-06 19:52:00,969:strategy_scalping.py:102:INFO:AAPL:closes[-2:] = [142.415 142.425], mavg[-2:] = [142.31775 142.3275 ]
2022-07-06 19:52:59,993:strategy_scalping.py:115:INFO:AAPL:received bar start: 2022-07-06 17:52:00, close: 142.445, len(bars): 63
2022-07-06 19:52:59,998:strategy_scalping.py:102:INFO:AAPL:closes[-2:] = [142.425 142.445], mavg[-2:] = [142.3275 142.339 ]
2022-07-06 19:54:00,853:strategy_scalping.py:115:INFO:AAPL:received bar start: 2022-07-06 17:53:00, close: 142.42, len(bars): 64
2022-07-06 19:54:00,858:strategy_scalping.py:102:INFO:AAPL:closes[-2:] = [142.445 142.42 ], mavg[-2:] = [142.339  142.3525]
2022-07-06 19:55:01,078:strategy_scalping.py:115:INFO:AAPL:received bar start: 2022-07-06 17:54:00, close: 142.445, len(bars): 65
2022-07-06 19:55:01,085:strategy_scalping.py:102:INFO:AAPL:closes[-2:] = [142.42  142.445], mavg[-2:] = [142.3525 142.3645]
2022-07-06 19:55:59,984:strategy_scalping.py:115:INFO:AAPL:received bar start: 2022-07-06 17:55:00, close: 142.415, len(bars): 66
2022-07-06 19:55:59,996:strategy_scalping.py:102:INFO:AAPL:closes[-2:] = [142.445 142.415], mavg[-2:] = [142.3645  142.37275]
2022-07-06 19:56:59,991:strategy_scalping.py:115:INFO:AAPL:received bar start: 2022-07-06 17:56:00, close: 142.425, len(bars): 67
2022-07-06 19:56:59,996:strategy_scalping.py:102:INFO:AAPL:closes[-2:] = [142.415 142.425], mavg[-2:] = [142.37275 142.3835 ]
2022-07-06 19:58:01,135:strategy_scalping.py:115:INFO:AAPL:received bar start: 2022-07-06 17:57:00, close: 142.49, len(bars): 68
2022-07-06 19:58:01,139:strategy_scalping.py:102:INFO:AAPL:closes[-2:] = [142.425 142.49 ], mavg[-2:] = [142.3835  142.39175]
2022-07-06 19:59:01,141:strategy_scalping.py:115:INFO:AAPL:received bar start: 2022-07-06 17:58:00, close: 142.53, len(bars): 69
2022-07-06 19:59:01,153:strategy_scalping.py:102:INFO:AAPL:closes[-2:] = [142.49 142.53], mavg[-2:] = [142.39175 142.40625]
2022-07-06 20:00:01,148:strategy_scalping.py:115:INFO:AAPL:received bar start: 2022-07-06 17:59:00, close: 142.48, len(bars): 70
2022-07-06 20:00:01,155:strategy_scalping.py:102:INFO:AAPL:closes[-2:] = [142.53 142.48], mavg[-2:] = [142.40625 142.41725]
2022-07-06 20:01:00,111:strategy_scalping.py:115:INFO:AAPL:received bar start: 2022-07-06 18:00:00, close: 142.18, len(bars): 71
2022-07-06 20:01:00,114:strategy_scalping.py:102:INFO:AAPL:closes[-2:] = [142.48 142.18], mavg[-2:] = [142.41725 142.40975]
2022-07-06 20:02:00,958:strategy_scalping.py:115:INFO:AAPL:received bar start: 2022-07-06 18:01:00, close: 142.28, len(bars): 72
2022-07-06 20:02:00,963:strategy_scalping.py:102:INFO:AAPL:closes[-2:] = [142.18 142.28], mavg[-2:] = [142.40975 142.41125]
2022-07-06 20:03:01,056:strategy_scalping.py:115:INFO:AAPL:received bar start: 2022-07-06 18:02:00, close: 142.52, len(bars): 73
2022-07-06 20:03:01,060:strategy_scalping.py:97:INFO:AAPL:buy signal: closes[-2] 142.28 < mavg[-2] 142.4112500000001 closes[-1] 142.52 > mavg[-1] 142.4222500000001
2022-07-06 20:03:01,700:strategy_scalping.py:176:INFO:AAPL:submitted buy Order({   'asset_class': 'us_equity',
    'asset_id': 'b0b6dd9d-8b9b-48a9-ba46-b9d54906e415',
    'canceled_at': None,
    'client_order_id': 'a9116586-fef9-4a20-b258-fb8a1e207dcc',
    'created_at': '2022-07-06T18:03:01.700495728Z',
    'expired_at': None,
    'extended_hours': False,
    'failed_at': None,
    'filled_at': None,
    'filled_avg_price': None,
    'filled_qty': '0',
    'hwm': None,
    'id': 'ac77b2d9-3bec-4ea6-b3b7-55152237ccd2',
    'legs': None,
    'limit_price': '142.52',
    'notional': None,
    'order_class': '',
    'order_type': 'limit',
    'qty': '14',
    'replaced_at': None,
    'replaced_by': None,
    'replaces': None,
    'side': 'buy',
    'source': None,
    'status': 'pending_new',
    'stop_price': None,
    'submitted_at': '2022-07-06T18:03:01.699865248Z',
    'subtag': None,
    'symbol': 'AAPL',
    'time_in_force': 'day',
    'trail_percent': None,
    'trail_price': None,
    'type': 'limit',
    'updated_at': '2022-07-06T18:03:01.700566098Z'})
2022-07-06 20:03:01,724:strategy_scalping.py:210:INFO:AAPL:transition from TO_BUY to BUY_SUBMITTED
2022-07-06 20:03:01,947:strategy_scalping.py:126:INFO:AAPL:order update: new = {'asset_class': 'us_equity', 'asset_id': 'b0b6dd9d-8b9b-48a9-ba46-b9d54906e415', 'cancel_requested_at': None, 'canceled_at': None, 'client_order_id': 'a9116586-fef9-4a20-b258-fb8a1e207dcc', 'created_at': '2022-07-06T14:03:01.700495728-04:00', 'expired_at': None, 'extended_hours': False, 'failed_at': None, 'filled_at': None, 'filled_avg_price': None, 'filled_qty': '0', 'hwm': None, 'id': 'ac77b2d9-3bec-4ea6-b3b7-55152237ccd2', 'legs': None, 'limit_price': '142.52', 'notional': None, 'order_class': '', 'order_type': 'limit', 'qty': '14', 'replaced_at': None, 'replaced_by': None, 'replaces': None, 'side': 'buy', 'status': 'new', 'stop_price': None, 'submitted_at': '2022-07-06T14:03:01.699865248-04:00', 'symbol': 'AAPL', 'time_in_force': 'day', 'trail_percent': None, 'trail_price': None, 'type': 'limit', 'updated_at': '2022-07-06T14:03:01.942646463-04:00'}
2022-07-06 20:03:02,080:strategy_scalping.py:126:INFO:AAPL:order update: fill = {'asset_class': 'us_equity', 'asset_id': 'b0b6dd9d-8b9b-48a9-ba46-b9d54906e415', 'cancel_requested_at': None, 'canceled_at': None, 'client_order_id': 'a9116586-fef9-4a20-b258-fb8a1e207dcc', 'created_at': '2022-07-06T14:03:01.700495728-04:00', 'expired_at': None, 'extended_hours': False, 'failed_at': None, 'filled_at': '2022-07-06T18:03:02.07363455Z', 'filled_avg_price': '142.44', 'filled_qty': '14', 'hwm': None, 'id': 'ac77b2d9-3bec-4ea6-b3b7-55152237ccd2', 'legs': None, 'limit_price': '142.52', 'notional': None, 'order_class': '', 'order_type': 'limit', 'qty': '14', 'replaced_at': None, 'replaced_by': None, 'replaces': None, 'side': 'buy', 'status': 'filled', 'stop_price': None, 'submitted_at': '2022-07-06T14:03:01.699865248-04:00', 'symbol': 'AAPL', 'time_in_force': 'day', 'trail_percent': None, 'trail_price': None, 'type': 'limit', 'updated_at': '2022-07-06T14:03:02.076686019-04:00'}
2022-07-06 20:03:02,203:strategy_scalping.py:210:INFO:AAPL:transition from BUY_SUBMITTED to TO_SELL
2022-07-06 20:03:02,443:strategy_scalping.py:206:INFO:AAPL:submitted sell Order({   'asset_class': 'us_equity',
    'asset_id': 'b0b6dd9d-8b9b-48a9-ba46-b9d54906e415',
    'canceled_at': None,
    'client_order_id': '2bd42322-eabf-48fd-a64a-7240354bd240',
    'created_at': '2022-07-06T18:03:02.44367437Z',
    'expired_at': None,
    'extended_hours': False,
    'failed_at': None,
    'filled_at': None,
    'filled_avg_price': None,
    'filled_qty': '0',
    'hwm': None,
    'id': '9110e387-b6bb-4a0b-bbce-a43c352ffa50',
    'legs': None,
    'limit_price': '142.52',
    'notional': None,
    'order_class': '',
    'order_type': 'limit',
    'qty': '14',
    'replaced_at': None,
    'replaced_by': None,
    'replaces': None,
    'side': 'sell',
    'source': None,
    'status': 'pending_new',
    'stop_price': None,
    'submitted_at': '2022-07-06T18:03:02.443220881Z',
    'subtag': None,
    'symbol': 'AAPL',
    'time_in_force': 'day',
    'trail_percent': None,
    'trail_price': None,
    'type': 'limit',
    'updated_at': '2022-07-06T18:03:02.44377563Z'})
2022-07-06 20:03:02,443:strategy_scalping.py:210:INFO:AAPL:transition from TO_SELL to SELL_SUBMITTED
2022-07-06 20:03:02,455:strategy_scalping.py:126:INFO:AAPL:order update: new = {'asset_class': 'us_equity', 'asset_id': 'b0b6dd9d-8b9b-48a9-ba46-b9d54906e415', 'cancel_requested_at': None, 'canceled_at': None, 'client_order_id': '2bd42322-eabf-48fd-a64a-7240354bd240', 'created_at': '2022-07-06T14:03:02.44367437-04:00', 'expired_at': None, 'extended_hours': False, 'failed_at': None, 'filled_at': None, 'filled_avg_price': None, 'filled_qty': '0', 'hwm': None, 'id': '9110e387-b6bb-4a0b-bbce-a43c352ffa50', 'legs': None, 'limit_price': '142.52', 'notional': None, 'order_class': '', 'order_type': 'limit', 'qty': '14', 'replaced_at': None, 'replaced_by': None, 'replaces': None, 'side': 'sell', 'status': 'new', 'stop_price': None, 'submitted_at': '2022-07-06T14:03:02.443220881-04:00', 'symbol': 'AAPL', 'time_in_force': 'day', 'trail_percent': None, 'trail_price': None, 'type': 'limit', 'updated_at': '2022-07-06T14:03:02.45160507-04:00'}
2022-07-06 20:04:01,074:strategy_scalping.py:115:INFO:AAPL:received bar start: 2022-07-06 18:03:00, close: 142.34, len(bars): 74
2022-07-06 20:05:00,948:strategy_scalping.py:115:INFO:AAPL:received bar start: 2022-07-06 18:04:00, close: 142.44, len(bars): 75
2022-07-06 20:05:02,921:strategy_scalping.py:126:INFO:AAPL:order update: fill = {'asset_class': 'us_equity', 'asset_id': 'b0b6dd9d-8b9b-48a9-ba46-b9d54906e415', 'cancel_requested_at': None, 'canceled_at': None, 'client_order_id': '2bd42322-eabf-48fd-a64a-7240354bd240', 'created_at': '2022-07-06T14:03:02.44367437-04:00', 'expired_at': None, 'extended_hours': False, 'failed_at': None, 'filled_at': '2022-07-06T18:05:02.849048754Z', 'filled_avg_price': '142.53', 'filled_qty': '14', 'hwm': None, 'id': '9110e387-b6bb-4a0b-bbce-a43c352ffa50', 'legs': None, 'limit_price': '142.52', 'notional': None, 'order_class': '', 'order_type': 'limit', 'qty': '14', 'replaced_at': None, 'replaced_by': None, 'replaces': None, 'side': 'sell', 'status': 'filled', 'stop_price': None, 'submitted_at': '2022-07-06T14:03:02.443220881-04:00', 'symbol': 'AAPL', 'time_in_force': 'day', 'trail_percent': None, 'trail_price': None, 'type': 'limit', 'updated_at': '2022-07-06T14:05:02.851647582-04:00'}
2022-07-06 20:05:02,922:strategy_scalping.py:210:INFO:AAPL:transition from SELL_SUBMITTED to TO_BUY
2022-07-06 20:06:00,989:strategy_scalping.py:115:INFO:AAPL:received bar start: 2022-07-06 18:05:00, close: 142.8, len(bars): 76
2022-07-06 20:06:00,995:strategy_scalping.py:102:INFO:AAPL:closes[-2:] = [142.44 142.8 ], mavg[-2:] = [142.4145 142.435 ]
2022-07-06 20:07:01,098:strategy_scalping.py:115:INFO:AAPL:received bar start: 2022-07-06 18:06:00, close: 143.08, len(bars): 77
2022-07-06 20:07:01,103:strategy_scalping.py:102:INFO:AAPL:closes[-2:] = [142.8  143.08], mavg[-2:] = [142.435 142.47 ]
2022-07-06 20:08:00,081:strategy_scalping.py:115:INFO:AAPL:received bar start: 2022-07-06 18:07:00, close: 143.24, len(bars): 78
2022-07-06 20:08:00,086:strategy_scalping.py:102:INFO:AAPL:closes[-2:] = [143.08 143.24], mavg[-2:] = [142.47    142.51175]
2022-07-06 20:09:00,013:strategy_scalping.py:115:INFO:AAPL:received bar start: 2022-07-06 18:08:00, close: 143.07, len(bars): 79
2022-07-06 20:09:00,019:strategy_scalping.py:102:INFO:AAPL:closes[-2:] = [143.24 143.07], mavg[-2:] = [142.51175 142.54375]
2022-07-06 20:10:01,017:strategy_scalping.py:115:INFO:AAPL:received bar start: 2022-07-06 18:09:00, close: 142.86, len(bars): 80
2022-07-06 20:10:01,027:strategy_scalping.py:102:INFO:AAPL:closes[-2:] = [143.07 142.86], mavg[-2:] = [142.54375 142.565  ]
2022-07-06 20:11:01,126:strategy_scalping.py:115:INFO:AAPL:received bar start: 2022-07-06 18:10:00, close: 142.725, len(bars): 81
2022-07-06 20:11:01,131:strategy_scalping.py:102:INFO:AAPL:closes[-2:] = [142.86  142.725], mavg[-2:] = [142.565  142.5805]
2022-07-06 20:12:01,081:strategy_scalping.py:115:INFO:AAPL:received bar start: 2022-07-06 18:11:00, close: 142.32, len(bars): 82
2022-07-06 20:12:01,089:strategy_scalping.py:102:INFO:AAPL:closes[-2:] = [142.725 142.32 ], mavg[-2:] = [142.5805  142.57525]
2022-07-06 20:13:01,140:strategy_scalping.py:115:INFO:AAPL:received bar start: 2022-07-06 18:12:00, close: 142.25, len(bars): 83
2022-07-06 20:13:01,148:strategy_scalping.py:102:INFO:AAPL:closes[-2:] = [142.32 142.25], mavg[-2:] = [142.57525 142.5655 ]
2022-07-06 20:14:01,044:strategy_scalping.py:115:INFO:AAPL:received bar start: 2022-07-06 18:13:00, close: 142.56, len(bars): 84
2022-07-06 20:14:01,051:strategy_scalping.py:102:INFO:AAPL:closes[-2:] = [142.25 142.56], mavg[-2:] = [142.5655 142.5725]
2022-07-06 20:15:00,957:strategy_scalping.py:115:INFO:AAPL:received bar start: 2022-07-06 18:14:00, close: 142.56, len(bars): 85
2022-07-06 20:15:00,962:strategy_scalping.py:102:INFO:AAPL:closes[-2:] = [142.56 142.56], mavg[-2:] = [142.5725  142.57825]
2022-07-06 20:16:01,059:strategy_scalping.py:115:INFO:AAPL:received bar start: 2022-07-06 18:15:00, close: 142.36, len(bars): 86
2022-07-06 20:16:01,066:strategy_scalping.py:102:INFO:AAPL:closes[-2:] = [142.56 142.36], mavg[-2:] = [142.57825 142.5755 ]
2022-07-06 20:17:00,042:strategy_scalping.py:115:INFO:AAPL:received bar start: 2022-07-06 18:16:00, close: 142.24, len(bars): 87
2022-07-06 20:17:00,052:strategy_scalping.py:102:INFO:AAPL:closes[-2:] = [142.36 142.24], mavg[-2:] = [142.5755  142.56625]
2022-07-06 20:18:00,035:strategy_scalping.py:115:INFO:AAPL:received bar start: 2022-07-06 18:17:00, close: 142.28, len(bars): 88
2022-07-06 20:18:00,046:strategy_scalping.py:102:INFO:AAPL:closes[-2:] = [142.24 142.28], mavg[-2:] = [142.56625 142.55575]
2022-07-06 20:19:01,082:strategy_scalping.py:115:INFO:AAPL:received bar start: 2022-07-06 18:18:00, close: 142.21, len(bars): 89
2022-07-06 20:19:01,093:strategy_scalping.py:102:INFO:AAPL:closes[-2:] = [142.28 142.21], mavg[-2:] = [142.55575 142.53975]
2022-07-06 20:20:00,956:strategy_scalping.py:115:INFO:AAPL:received bar start: 2022-07-06 18:19:00, close: 142.125, len(bars): 90
2022-07-06 20:20:00,961:strategy_scalping.py:102:INFO:AAPL:closes[-2:] = [142.21  142.125], mavg[-2:] = [142.53975 142.522  ]
2022-07-06 20:21:01,061:strategy_scalping.py:115:INFO:AAPL:received bar start: 2022-07-06 18:20:00, close: 142.19, len(bars): 91
2022-07-06 20:21:01,066:strategy_scalping.py:102:INFO:AAPL:closes[-2:] = [142.125 142.19 ], mavg[-2:] = [142.522  142.5225]
2022-07-06 20:22:00,044:strategy_scalping.py:115:INFO:AAPL:received bar start: 2022-07-06 18:21:00, close: 142.19, len(bars): 92
2022-07-06 20:22:00,051:strategy_scalping.py:102:INFO:AAPL:closes[-2:] = [142.19 142.19], mavg[-2:] = [142.5225 142.518 ]
2022-07-06 20:23:01,112:strategy_scalping.py:115:INFO:AAPL:received bar start: 2022-07-06 18:22:00, close: 142.285, len(bars): 93
2022-07-06 20:23:01,116:strategy_scalping.py:102:INFO:AAPL:closes[-2:] = [142.19  142.285], mavg[-2:] = [142.518   142.50625]
2022-07-06 20:24:01,117:strategy_scalping.py:115:INFO:AAPL:received bar start: 2022-07-06 18:23:00, close: 142.31, len(bars): 94
2022-07-06 20:24:01,123:strategy_scalping.py:102:INFO:AAPL:closes[-2:] = [142.285 142.31 ], mavg[-2:] = [142.50625 142.50475]
2022-07-06 20:25:01,280:strategy_scalping.py:115:INFO:AAPL:received bar start: 2022-07-06 18:24:00, close: 142.255, len(bars): 95
2022-07-06 20:25:01,291:strategy_scalping.py:102:INFO:AAPL:closes[-2:] = [142.31  142.255], mavg[-2:] = [142.50475 142.4955 ]
2022-07-06 20:26:01,055:strategy_scalping.py:115:INFO:AAPL:received bar start: 2022-07-06 18:25:00, close: 142.215, len(bars): 96
2022-07-06 20:26:01,059:strategy_scalping.py:102:INFO:AAPL:closes[-2:] = [142.255 142.215], mavg[-2:] = [142.4955  142.46625]
2022-07-06 20:27:00,118:strategy_scalping.py:115:INFO:AAPL:received bar start: 2022-07-06 18:26:00, close: 141.92, len(bars): 97
2022-07-06 20:27:00,123:strategy_scalping.py:102:INFO:AAPL:closes[-2:] = [142.215 141.92 ], mavg[-2:] = [142.46625 142.40825]
2022-07-06 20:28:01,151:strategy_scalping.py:115:INFO:AAPL:received bar start: 2022-07-06 18:27:00, close: 142.48, len(bars): 98
2022-07-06 20:28:01,155:strategy_scalping.py:97:INFO:AAPL:buy signal: closes[-2] 141.92 < mavg[-2] 142.40825000000007 closes[-1] 142.48 > mavg[-1] 142.37025000000008
2022-07-06 20:28:01,964:strategy_scalping.py:176:INFO:AAPL:submitted buy Order({   'asset_class': 'us_equity',
    'asset_id': 'b0b6dd9d-8b9b-48a9-ba46-b9d54906e415',
    'canceled_at': None,
    'client_order_id': 'cbb501c4-a72e-4819-9fe4-ebf1135248d0',
    'created_at': '2022-07-06T18:28:01.947255658Z',
    'expired_at': None,
    'extended_hours': False,
    'failed_at': None,
    'filled_at': None,
    'filled_avg_price': None,
    'filled_qty': '0',
    'hwm': None,
    'id': '47764478-95f5-449e-ad72-fb97840b7bbf',
    'legs': None,
    'limit_price': '142.53',
    'notional': None,
    'order_class': '',
    'order_type': 'limit',
    'qty': '14',
    'replaced_at': None,
    'replaced_by': None,
    'replaces': None,
    'side': 'buy',
    'source': None,
    'status': 'pending_new',
    'stop_price': None,
    'submitted_at': '2022-07-06T18:28:01.946608498Z',
    'subtag': None,
    'symbol': 'AAPL',
    'time_in_force': 'day',
    'trail_percent': None,
    'trail_price': None,
    'type': 'limit',
    'updated_at': '2022-07-06T18:28:01.947328258Z'})
2022-07-06 20:28:01,965:strategy_scalping.py:210:INFO:AAPL:transition from TO_BUY to BUY_SUBMITTED
2022-07-06 20:28:01,976:strategy_scalping.py:126:INFO:AAPL:order update: new = {'asset_class': 'us_equity', 'asset_id': 'b0b6dd9d-8b9b-48a9-ba46-b9d54906e415', 'cancel_requested_at': None, 'canceled_at': None, 'client_order_id': 'cbb501c4-a72e-4819-9fe4-ebf1135248d0', 'created_at': '2022-07-06T14:28:01.947255658-04:00', 'expired_at': None, 'extended_hours': False, 'failed_at': None, 'filled_at': None, 'filled_avg_price': None, 'filled_qty': '0', 'hwm': None, 'id': '47764478-95f5-449e-ad72-fb97840b7bbf', 'legs': None, 'limit_price': '142.53', 'notional': None, 'order_class': '', 'order_type': 'limit', 'qty': '14', 'replaced_at': None, 'replaced_by': None, 'replaces': None, 'side': 'buy', 'status': 'new', 'stop_price': None, 'submitted_at': '2022-07-06T14:28:01.946608498-04:00', 'symbol': 'AAPL', 'time_in_force': 'day', 'trail_percent': None, 'trail_price': None, 'type': 'limit', 'updated_at': '2022-07-06T14:28:01.954682338-04:00'}
2022-07-06 20:28:06,881:strategy_scalping.py:126:INFO:AAPL:order update: fill = {'asset_class': 'us_equity', 'asset_id': 'b0b6dd9d-8b9b-48a9-ba46-b9d54906e415', 'cancel_requested_at': None, 'canceled_at': None, 'client_order_id': 'cbb501c4-a72e-4819-9fe4-ebf1135248d0', 'created_at': '2022-07-06T14:28:01.947255658-04:00', 'expired_at': None, 'extended_hours': False, 'failed_at': None, 'filled_at': '2022-07-06T18:28:06.766884801Z', 'filled_avg_price': '142.53', 'filled_qty': '14', 'hwm': None, 'id': '47764478-95f5-449e-ad72-fb97840b7bbf', 'legs': None, 'limit_price': '142.53', 'notional': None, 'order_class': '', 'order_type': 'limit', 'qty': '14', 'replaced_at': None, 'replaced_by': None, 'replaces': None, 'side': 'buy', 'status': 'filled', 'stop_price': None, 'submitted_at': '2022-07-06T14:28:01.946608498-04:00', 'symbol': 'AAPL', 'time_in_force': 'day', 'trail_percent': None, 'trail_price': None, 'type': 'limit', 'updated_at': '2022-07-06T14:28:06.76949062-04:00'}
2022-07-06 20:28:07,003:strategy_scalping.py:210:INFO:AAPL:transition from BUY_SUBMITTED to TO_SELL
2022-07-06 20:28:07,251:strategy_scalping.py:206:INFO:AAPL:submitted sell Order({   'asset_class': 'us_equity',
    'asset_id': 'b0b6dd9d-8b9b-48a9-ba46-b9d54906e415',
    'canceled_at': None,
    'client_order_id': '9f965e6e-67cf-48e9-8795-d8546870fade',
    'created_at': '2022-07-06T18:28:07.235963069Z',
    'expired_at': None,
    'extended_hours': False,
    'failed_at': None,
    'filled_at': None,
    'filled_avg_price': None,
    'filled_qty': '0',
    'hwm': None,
    'id': 'e79f492b-ab32-48b9-af8e-45544c2cad61',
    'legs': None,
    'limit_price': '142.54',
    'notional': None,
    'order_class': '',
    'order_type': 'limit',
    'qty': '14',
    'replaced_at': None,
    'replaced_by': None,
    'replaces': None,
    'side': 'sell',
    'source': None,
    'status': 'pending_new',
    'stop_price': None,
    'submitted_at': '2022-07-06T18:28:07.235491369Z',
    'subtag': None,
    'symbol': 'AAPL',
    'time_in_force': 'day',
    'trail_percent': None,
    'trail_price': None,
    'type': 'limit',
    'updated_at': '2022-07-06T18:28:07.236019519Z'})
2022-07-06 20:28:07,252:strategy_scalping.py:210:INFO:AAPL:transition from TO_SELL to SELL_SUBMITTED
2022-07-06 20:28:07,274:strategy_scalping.py:126:INFO:AAPL:order update: new = {'asset_class': 'us_equity', 'asset_id': 'b0b6dd9d-8b9b-48a9-ba46-b9d54906e415', 'cancel_requested_at': None, 'canceled_at': None, 'client_order_id': '9f965e6e-67cf-48e9-8795-d8546870fade', 'created_at': '2022-07-06T14:28:07.235963069-04:00', 'expired_at': None, 'extended_hours': False, 'failed_at': None, 'filled_at': None, 'filled_avg_price': None, 'filled_qty': '0', 'hwm': None, 'id': 'e79f492b-ab32-48b9-af8e-45544c2cad61', 'legs': None, 'limit_price': '142.54', 'notional': None, 'order_class': '', 'order_type': 'limit', 'qty': '14', 'replaced_at': None, 'replaced_by': None, 'replaces': None, 'side': 'sell', 'status': 'new', 'stop_price': None, 'submitted_at': '2022-07-06T14:28:07.235491369-04:00', 'symbol': 'AAPL', 'time_in_force': 'day', 'trail_percent': None, 'trail_price': None, 'type': 'limit', 'updated_at': '2022-07-06T14:28:07.255549787-04:00'}
2022-07-06 20:28:16,102:strategy_scalping.py:126:INFO:AAPL:order update: fill = {'asset_class': 'us_equity', 'asset_id': 'b0b6dd9d-8b9b-48a9-ba46-b9d54906e415', 'cancel_requested_at': None, 'canceled_at': None, 'client_order_id': '9f965e6e-67cf-48e9-8795-d8546870fade', 'created_at': '2022-07-06T14:28:07.235963069-04:00', 'expired_at': None, 'extended_hours': False, 'failed_at': None, 'filled_at': '2022-07-06T18:28:16.078210267Z', 'filled_avg_price': '142.54', 'filled_qty': '14', 'hwm': None, 'id': 'e79f492b-ab32-48b9-af8e-45544c2cad61', 'legs': None, 'limit_price': '142.54', 'notional': None, 'order_class': '', 'order_type': 'limit', 'qty': '14', 'replaced_at': None, 'replaced_by': None, 'replaces': None, 'side': 'sell', 'status': 'filled', 'stop_price': None, 'submitted_at': '2022-07-06T14:28:07.235491369-04:00', 'symbol': 'AAPL', 'time_in_force': 'day', 'trail_percent': None, 'trail_price': None, 'type': 'limit', 'updated_at': '2022-07-06T14:28:16.080716199-04:00'}
2022-07-06 20:28:16,103:strategy_scalping.py:210:INFO:AAPL:transition from SELL_SUBMITTED to TO_BUY
2022-07-06 20:29:00,953:strategy_scalping.py:115:INFO:AAPL:received bar start: 2022-07-06 18:28:00, close: 142.78, len(bars): 99
2022-07-06 20:29:00,964:strategy_scalping.py:102:INFO:AAPL:closes[-2:] = [142.48 142.78], mavg[-2:] = [142.37025 142.35575]
2022-07-06 20:30:00,962:strategy_scalping.py:115:INFO:AAPL:received bar start: 2022-07-06 18:29:00, close: 143.04, len(bars): 100
2022-07-06 20:30:00,966:strategy_scalping.py:102:INFO:AAPL:closes[-2:] = [142.78 143.04], mavg[-2:] = [142.35575 142.36475]
2022-07-06 20:31:01,172:strategy_scalping.py:115:INFO:AAPL:received bar start: 2022-07-06 18:30:00, close: 142.945, len(bars): 101
2022-07-06 20:31:01,180:strategy_scalping.py:102:INFO:AAPL:closes[-2:] = [143.04  142.945], mavg[-2:] = [142.36475 142.37575]
2022-07-06 20:32:01,180:strategy_scalping.py:115:INFO:AAPL:received bar start: 2022-07-06 18:31:00, close: 143.06, len(bars): 102
2022-07-06 20:32:01,185:strategy_scalping.py:102:INFO:AAPL:closes[-2:] = [142.945 143.06 ], mavg[-2:] = [142.37575 142.41275]
2022-07-06 20:33:01,085:strategy_scalping.py:115:INFO:AAPL:received bar start: 2022-07-06 18:32:00, close: 143.01, len(bars): 103
2022-07-06 20:33:01,090:strategy_scalping.py:102:INFO:AAPL:closes[-2:] = [143.06 143.01], mavg[-2:] = [142.41275 142.45075]
2022-07-06 20:34:00,911:strategy_scalping.py:115:INFO:AAPL:received bar start: 2022-07-06 18:33:00, close: 143.215, len(bars): 104
2022-07-06 20:34:00,915:strategy_scalping.py:102:INFO:AAPL:closes[-2:] = [143.01  143.215], mavg[-2:] = [142.45075 142.4835 ]
2022-07-06 20:35:00,907:strategy_scalping.py:115:INFO:AAPL:received bar start: 2022-07-06 18:34:00, close: 143.195, len(bars): 105
2022-07-06 20:35:00,918:strategy_scalping.py:102:INFO:AAPL:closes[-2:] = [143.215 143.195], mavg[-2:] = [142.4835  142.51525]
2022-07-06 20:36:01,085:strategy_scalping.py:115:INFO:AAPL:received bar start: 2022-07-06 18:35:00, close: 143.23, len(bars): 106
2022-07-06 20:36:01,093:strategy_scalping.py:102:INFO:AAPL:closes[-2:] = [143.195 143.23 ], mavg[-2:] = [142.51525 142.55875]
2022-07-06 20:37:01,114:strategy_scalping.py:115:INFO:AAPL:received bar start: 2022-07-06 18:36:00, close: 143.0, len(bars): 107
2022-07-06 20:37:01,119:strategy_scalping.py:102:INFO:AAPL:closes[-2:] = [143.23 143.  ], mavg[-2:] = [142.55875 142.59675]
2022-07-06 20:38:00,917:strategy_scalping.py:115:INFO:AAPL:received bar start: 2022-07-06 18:37:00, close: 142.92, len(bars): 108
2022-07-06 20:38:00,926:strategy_scalping.py:102:INFO:AAPL:closes[-2:] = [143.   142.92], mavg[-2:] = [142.59675 142.62875]
2022-07-06 20:39:01,026:strategy_scalping.py:115:INFO:AAPL:received bar start: 2022-07-06 18:38:00, close: 143.14, len(bars): 109
2022-07-06 20:39:01,030:strategy_scalping.py:102:INFO:AAPL:closes[-2:] = [142.92 143.14], mavg[-2:] = [142.62875 142.67525]
2022-07-06 20:40:01,238:strategy_scalping.py:115:INFO:AAPL:received bar start: 2022-07-06 18:39:00, close: 143.03, len(bars): 110
2022-07-06 20:40:01,243:strategy_scalping.py:102:INFO:AAPL:closes[-2:] = [143.14 143.03], mavg[-2:] = [142.67525 142.7205 ]
2022-07-06 20:41:01,041:strategy_scalping.py:115:INFO:AAPL:received bar start: 2022-07-06 18:40:00, close: 143.3, len(bars): 111
2022-07-06 20:41:01,047:strategy_scalping.py:102:INFO:AAPL:closes[-2:] = [143.03 143.3 ], mavg[-2:] = [142.7205 142.776 ]
2022-07-06 20:42:00,230:strategy_scalping.py:115:INFO:AAPL:received bar start: 2022-07-06 18:41:00, close: 143.3, len(bars): 112
2022-07-06 20:42:00,235:strategy_scalping.py:102:INFO:AAPL:closes[-2:] = [143.3 143.3], mavg[-2:] = [142.776  142.8315]
2022-07-06 20:43:01,057:strategy_scalping.py:115:INFO:AAPL:received bar start: 2022-07-06 18:42:00, close: 143.24, len(bars): 113
2022-07-06 20:43:01,062:strategy_scalping.py:102:INFO:AAPL:closes[-2:] = [143.3  143.24], mavg[-2:] = [142.8315  142.87925]
2022-07-06 20:44:00,244:strategy_scalping.py:115:INFO:AAPL:received bar start: 2022-07-06 18:43:00, close: 143.27, len(bars): 114
2022-07-06 20:44:00,249:strategy_scalping.py:102:INFO:AAPL:closes[-2:] = [143.24 143.27], mavg[-2:] = [142.87925 142.92725]
2022-07-06 20:45:01,055:strategy_scalping.py:115:INFO:AAPL:received bar start: 2022-07-06 18:44:00, close: 143.33, len(bars): 115
2022-07-06 20:45:01,067:strategy_scalping.py:102:INFO:AAPL:closes[-2:] = [143.27 143.33], mavg[-2:] = [142.92725 142.981  ]
2022-07-06 20:46:01,078:strategy_scalping.py:115:INFO:AAPL:received bar start: 2022-07-06 18:45:00, close: 143.48, len(bars): 116
2022-07-06 20:46:01,083:strategy_scalping.py:102:INFO:AAPL:closes[-2:] = [143.33 143.48], mavg[-2:] = [142.981   143.04425]
2022-07-06 20:47:00,983:strategy_scalping.py:115:INFO:AAPL:received bar start: 2022-07-06 18:46:00, close: 143.57, len(bars): 117
2022-07-06 20:47:00,995:strategy_scalping.py:102:INFO:AAPL:closes[-2:] = [143.48 143.57], mavg[-2:] = [143.04425 143.12675]
2022-07-06 20:48:01,195:strategy_scalping.py:115:INFO:AAPL:received bar start: 2022-07-06 18:47:00, close: 143.36, len(bars): 118
2022-07-06 20:48:01,207:strategy_scalping.py:102:INFO:AAPL:closes[-2:] = [143.57 143.36], mavg[-2:] = [143.12675 143.17075]
2022-07-06 20:49:00,201:strategy_scalping.py:115:INFO:AAPL:received bar start: 2022-07-06 18:48:00, close: 143.345, len(bars): 119
2022-07-06 20:49:00,207:strategy_scalping.py:102:INFO:AAPL:closes[-2:] = [143.36  143.345], mavg[-2:] = [143.17075 143.199  ]
2022-07-06 20:50:01,029:strategy_scalping.py:115:INFO:AAPL:received bar start: 2022-07-06 18:49:00, close: 143.27, len(bars): 120
2022-07-06 20:50:01,034:strategy_scalping.py:102:INFO:AAPL:closes[-2:] = [143.345 143.27 ], mavg[-2:] = [143.199  143.2105]
2022-07-06 20:51:01,037:strategy_scalping.py:115:INFO:AAPL:received bar start: 2022-07-06 18:50:00, close: 143.25, len(bars): 121
2022-07-06 20:51:01,040:strategy_scalping.py:102:INFO:AAPL:closes[-2:] = [143.27 143.25], mavg[-2:] = [143.2105  143.22575]
2022-07-06 20:52:01,044:strategy_scalping.py:115:INFO:AAPL:received bar start: 2022-07-06 18:51:00, close: 143.285, len(bars): 122
2022-07-06 20:52:01,048:strategy_scalping.py:102:INFO:AAPL:closes[-2:] = [143.25  143.285], mavg[-2:] = [143.22575 143.237  ]
2022-07-06 20:53:01,154:strategy_scalping.py:115:INFO:AAPL:received bar start: 2022-07-06 18:52:00, close: 143.42, len(bars): 123
2022-07-06 20:53:01,159:strategy_scalping.py:102:INFO:AAPL:closes[-2:] = [143.285 143.42 ], mavg[-2:] = [143.237  143.2575]
2022-07-06 20:54:00,241:strategy_scalping.py:115:INFO:AAPL:received bar start: 2022-07-06 18:53:00, close: 143.53, len(bars): 124
2022-07-06 20:54:00,245:strategy_scalping.py:102:INFO:AAPL:closes[-2:] = [143.42 143.53], mavg[-2:] = [143.2575  143.27325]
2022-07-06 20:55:01,271:strategy_scalping.py:115:INFO:AAPL:received bar start: 2022-07-06 18:54:00, close: 143.51, len(bars): 125
2022-07-06 20:55:01,275:strategy_scalping.py:102:INFO:AAPL:closes[-2:] = [143.53 143.51], mavg[-2:] = [143.27325 143.289  ]
2022-07-06 20:56:01,280:strategy_scalping.py:115:INFO:AAPL:received bar start: 2022-07-06 18:55:00, close: 143.515, len(bars): 126
2022-07-06 20:56:01,283:strategy_scalping.py:102:INFO:AAPL:closes[-2:] = [143.51  143.515], mavg[-2:] = [143.289   143.30325]
2022-07-06 20:57:01,286:strategy_scalping.py:115:INFO:AAPL:received bar start: 2022-07-06 18:56:00, close: 143.525, len(bars): 127
2022-07-06 20:57:01,291:strategy_scalping.py:102:INFO:AAPL:closes[-2:] = [143.515 143.525], mavg[-2:] = [143.30325 143.3295 ]
2022-07-06 20:58:01,059:strategy_scalping.py:115:INFO:AAPL:received bar start: 2022-07-06 18:57:00, close: 143.47, len(bars): 128
2022-07-06 20:58:01,069:strategy_scalping.py:102:INFO:AAPL:closes[-2:] = [143.525 143.47 ], mavg[-2:] = [143.3295 143.357 ]
2022-07-06 20:59:01,098:strategy_scalping.py:115:INFO:AAPL:received bar start: 2022-07-06 18:58:00, close: 143.62, len(bars): 129
2022-07-06 20:59:01,101:strategy_scalping.py:102:INFO:AAPL:closes[-2:] = [143.47 143.62], mavg[-2:] = [143.357 143.381]
2022-07-06 21:00:01,031:strategy_scalping.py:115:INFO:AAPL:received bar start: 2022-07-06 18:59:00, close: 143.6, len(bars): 130
2022-07-06 21:00:01,035:strategy_scalping.py:102:INFO:AAPL:closes[-2:] = [143.62 143.6 ], mavg[-2:] = [143.381  143.4095]
2022-07-06 21:01:01,215:strategy_scalping.py:115:INFO:AAPL:received bar start: 2022-07-06 19:00:00, close: 143.34, len(bars): 131
2022-07-06 21:01:01,218:strategy_scalping.py:102:INFO:AAPL:closes[-2:] = [143.6  143.34], mavg[-2:] = [143.4095 143.4115]
2022-07-06 21:02:00,143:strategy_scalping.py:115:INFO:AAPL:received bar start: 2022-07-06 19:01:00, close: 143.24, len(bars): 132
2022-07-06 21:02:00,147:strategy_scalping.py:102:INFO:AAPL:closes[-2:] = [143.34 143.24], mavg[-2:] = [143.4115 143.4085]
2022-07-06 21:03:01,098:strategy_scalping.py:115:INFO:AAPL:received bar start: 2022-07-06 19:02:00, close: 143.215, len(bars): 133
2022-07-06 21:03:01,101:strategy_scalping.py:102:INFO:AAPL:closes[-2:] = [143.24  143.215], mavg[-2:] = [143.4085  143.40725]
2022-07-06 21:04:01,108:strategy_scalping.py:115:INFO:AAPL:received bar start: 2022-07-06 19:03:00, close: 143.185, len(bars): 134
2022-07-06 21:04:01,111:strategy_scalping.py:102:INFO:AAPL:closes[-2:] = [143.215 143.185], mavg[-2:] = [143.40725 143.403  ]
2022-07-06 21:05:01,063:strategy_scalping.py:115:INFO:AAPL:received bar start: 2022-07-06 19:04:00, close: 143.27, len(bars): 135
2022-07-06 21:05:01,067:strategy_scalping.py:102:INFO:AAPL:closes[-2:] = [143.185 143.27 ], mavg[-2:] = [143.403 143.4  ]
2022-07-06 21:06:01,087:strategy_scalping.py:115:INFO:AAPL:received bar start: 2022-07-06 19:05:00, close: 143.255, len(bars): 136
2022-07-06 21:06:01,090:strategy_scalping.py:102:INFO:AAPL:closes[-2:] = [143.27  143.255], mavg[-2:] = [143.4     143.38875]
2022-07-06 21:07:00,143:strategy_scalping.py:115:INFO:AAPL:received bar start: 2022-07-06 19:06:00, close: 143.34, len(bars): 137
2022-07-06 21:07:00,146:strategy_scalping.py:102:INFO:AAPL:closes[-2:] = [143.255 143.34 ], mavg[-2:] = [143.38875 143.37725]
2022-07-06 21:08:01,033:strategy_scalping.py:115:INFO:AAPL:received bar start: 2022-07-06 19:07:00, close: 143.42, len(bars): 138
2022-07-06 21:08:01,037:strategy_scalping.py:97:INFO:AAPL:buy signal: closes[-2] 143.34 < mavg[-2] 143.37725000000003 closes[-1] 143.42 > mavg[-1] 143.38025000000002
2022-07-06 21:08:03,311:strategy_scalping.py:176:INFO:AAPL:submitted buy Order({   'asset_class': 'us_equity',
    'asset_id': 'b0b6dd9d-8b9b-48a9-ba46-b9d54906e415',
    'canceled_at': None,
    'client_order_id': 'ede80597-5340-422c-bff0-aa218ea18f1a',
    'created_at': '2022-07-06T19:08:03.242308024Z',
    'expired_at': None,
    'extended_hours': False,
    'failed_at': None,
    'filled_at': None,
    'filled_avg_price': None,
    'filled_qty': '0',
    'hwm': None,
    'id': 'ab40574d-7bff-4c0a-9748-fe59d262210b',
    'legs': None,
    'limit_price': '143.42',
    'notional': None,
    'order_class': '',
    'order_type': 'limit',
    'qty': '13',
    'replaced_at': None,
    'replaced_by': None,
    'replaces': None,
    'side': 'buy',
    'source': None,
    'status': 'pending_new',
    'stop_price': None,
    'submitted_at': '2022-07-06T19:08:03.241756394Z',
    'subtag': None,
    'symbol': 'AAPL',
    'time_in_force': 'day',
    'trail_percent': None,
    'trail_price': None,
    'type': 'limit',
    'updated_at': '2022-07-06T19:08:03.242376504Z'})
2022-07-06 21:08:03,312:strategy_scalping.py:210:INFO:AAPL:transition from TO_BUY to BUY_SUBMITTED
2022-07-06 21:08:03,318:strategy_scalping.py:126:INFO:AAPL:order update: new = {'asset_class': 'us_equity', 'asset_id': 'b0b6dd9d-8b9b-48a9-ba46-b9d54906e415', 'cancel_requested_at': None, 'canceled_at': None, 'client_order_id': 'ede80597-5340-422c-bff0-aa218ea18f1a', 'created_at': '2022-07-06T15:08:03.242308024-04:00', 'expired_at': None, 'extended_hours': False, 'failed_at': None, 'filled_at': None, 'filled_avg_price': None, 'filled_qty': '0', 'hwm': None, 'id': 'ab40574d-7bff-4c0a-9748-fe59d262210b', 'legs': None, 'limit_price': '143.42', 'notional': None, 'order_class': '', 'order_type': 'limit', 'qty': '13', 'replaced_at': None, 'replaced_by': None, 'replaces': None, 'side': 'buy', 'status': 'new', 'stop_price': None, 'submitted_at': '2022-07-06T15:08:03.241756394-04:00', 'symbol': 'AAPL', 'time_in_force': 'day', 'trail_percent': None, 'trail_price': None, 'type': 'limit', 'updated_at': '2022-07-06T15:08:03.249427563-04:00'}
2022-07-06 21:08:03,507:strategy_scalping.py:126:INFO:AAPL:order update: fill = {'asset_class': 'us_equity', 'asset_id': 'b0b6dd9d-8b9b-48a9-ba46-b9d54906e415', 'cancel_requested_at': None, 'canceled_at': None, 'client_order_id': 'ede80597-5340-422c-bff0-aa218ea18f1a', 'created_at': '2022-07-06T15:08:03.242308024-04:00', 'expired_at': None, 'extended_hours': False, 'failed_at': None, 'filled_at': '2022-07-06T19:08:03.370696943Z', 'filled_avg_price': '143.39', 'filled_qty': '13', 'hwm': None, 'id': 'ab40574d-7bff-4c0a-9748-fe59d262210b', 'legs': None, 'limit_price': '143.42', 'notional': None, 'order_class': '', 'order_type': 'limit', 'qty': '13', 'replaced_at': None, 'replaced_by': None, 'replaces': None, 'side': 'buy', 'status': 'filled', 'stop_price': None, 'submitted_at': '2022-07-06T15:08:03.241756394-04:00', 'symbol': 'AAPL', 'time_in_force': 'day', 'trail_percent': None, 'trail_price': None, 'type': 'limit', 'updated_at': '2022-07-06T15:08:03.373222509-04:00'}
2022-07-06 21:08:03,627:strategy_scalping.py:210:INFO:AAPL:transition from BUY_SUBMITTED to TO_SELL
2022-07-06 21:08:03,863:strategy_scalping.py:206:INFO:AAPL:submitted sell Order({   'asset_class': 'us_equity',
    'asset_id': 'b0b6dd9d-8b9b-48a9-ba46-b9d54906e415',
    'canceled_at': None,
    'client_order_id': '53e37c8c-3376-4e1e-86ed-d32f0da44f3d',
    'created_at': '2022-07-06T19:08:03.79747304Z',
    'expired_at': None,
    'extended_hours': False,
    'failed_at': None,
    'filled_at': None,
    'filled_avg_price': None,
    'filled_qty': '0',
    'hwm': None,
    'id': 'a3d3034e-7cc7-4b5d-90b2-d972c77a7c9e',
    'legs': None,
    'limit_price': '143.42',
    'notional': None,
    'order_class': '',
    'order_type': 'limit',
    'qty': '13',
    'replaced_at': None,
    'replaced_by': None,
    'replaces': None,
    'side': 'sell',
    'source': None,
    'status': 'pending_new',
    'stop_price': None,
    'submitted_at': '2022-07-06T19:08:03.79686031Z',
    'subtag': None,
    'symbol': 'AAPL',
    'time_in_force': 'day',
    'trail_percent': None,
    'trail_price': None,
    'type': 'limit',
    'updated_at': '2022-07-06T19:08:03.79753543Z'})
2022-07-06 21:08:03,864:strategy_scalping.py:210:INFO:AAPL:transition from TO_SELL to SELL_SUBMITTED
2022-07-06 21:08:03,872:strategy_scalping.py:126:INFO:AAPL:order update: new = {'asset_class': 'us_equity', 'asset_id': 'b0b6dd9d-8b9b-48a9-ba46-b9d54906e415', 'cancel_requested_at': None, 'canceled_at': None, 'client_order_id': '53e37c8c-3376-4e1e-86ed-d32f0da44f3d', 'created_at': '2022-07-06T15:08:03.79747304-04:00', 'expired_at': None, 'extended_hours': False, 'failed_at': None, 'filled_at': None, 'filled_avg_price': None, 'filled_qty': '0', 'hwm': None, 'id': 'a3d3034e-7cc7-4b5d-90b2-d972c77a7c9e', 'legs': None, 'limit_price': '143.42', 'notional': None, 'order_class': '', 'order_type': 'limit', 'qty': '13', 'replaced_at': None, 'replaced_by': None, 'replaces': None, 'side': 'sell', 'status': 'new', 'stop_price': None, 'submitted_at': '2022-07-06T15:08:03.79686031-04:00', 'symbol': 'AAPL', 'time_in_force': 'day', 'trail_percent': None, 'trail_price': None, 'type': 'limit', 'updated_at': '2022-07-06T15:08:03.803817179-04:00'}
2022-07-06 21:08:10,493:strategy_scalping.py:126:INFO:AAPL:order update: fill = {'asset_class': 'us_equity', 'asset_id': 'b0b6dd9d-8b9b-48a9-ba46-b9d54906e415', 'cancel_requested_at': None, 'canceled_at': None, 'client_order_id': '53e37c8c-3376-4e1e-86ed-d32f0da44f3d', 'created_at': '2022-07-06T15:08:03.79747304-04:00', 'expired_at': None, 'extended_hours': False, 'failed_at': None, 'filled_at': '2022-07-06T19:08:10.414527724Z', 'filled_avg_price': '143.42', 'filled_qty': '13', 'hwm': None, 'id': 'a3d3034e-7cc7-4b5d-90b2-d972c77a7c9e', 'legs': None, 'limit_price': '143.42', 'notional': None, 'order_class': '', 'order_type': 'limit', 'qty': '13', 'replaced_at': None, 'replaced_by': None, 'replaces': None, 'side': 'sell', 'status': 'filled', 'stop_price': None, 'submitted_at': '2022-07-06T15:08:03.79686031-04:00', 'symbol': 'AAPL', 'time_in_force': 'day', 'trail_percent': None, 'trail_price': None, 'type': 'limit', 'updated_at': '2022-07-06T15:08:10.417854712-04:00'}
2022-07-06 21:08:10,494:strategy_scalping.py:210:INFO:AAPL:transition from SELL_SUBMITTED to TO_BUY
2022-07-06 21:09:01,178:strategy_scalping.py:115:INFO:AAPL:received bar start: 2022-07-06 19:08:00, close: 143.42, len(bars): 139
2022-07-06 21:09:01,184:strategy_scalping.py:102:INFO:AAPL:closes[-2:] = [143.42 143.42], mavg[-2:] = [143.38025 143.384  ]
2022-07-06 21:10:01,201:strategy_scalping.py:115:INFO:AAPL:received bar start: 2022-07-06 19:09:00, close: 143.49, len(bars): 140
2022-07-06 21:10:01,205:strategy_scalping.py:102:INFO:AAPL:closes[-2:] = [143.42 143.49], mavg[-2:] = [143.384 143.395]
2022-07-06 21:11:01,088:strategy_scalping.py:115:INFO:AAPL:received bar start: 2022-07-06 19:10:00, close: 143.58, len(bars): 141
2022-07-06 21:11:01,093:strategy_scalping.py:102:INFO:AAPL:closes[-2:] = [143.49 143.58], mavg[-2:] = [143.395  143.4115]
2022-07-06 21:12:01,041:strategy_scalping.py:115:INFO:AAPL:received bar start: 2022-07-06 19:11:00, close: 143.7, len(bars): 142
2022-07-06 21:12:01,046:strategy_scalping.py:102:INFO:AAPL:closes[-2:] = [143.58 143.7 ], mavg[-2:] = [143.4115  143.43225]
2022-07-06 21:13:01,206:strategy_scalping.py:115:INFO:AAPL:received bar start: 2022-07-06 19:12:00, close: 143.51, len(bars): 143
2022-07-06 21:13:01,210:strategy_scalping.py:102:INFO:AAPL:closes[-2:] = [143.7  143.51], mavg[-2:] = [143.43225 143.43675]
2022-07-06 21:14:01,112:strategy_scalping.py:115:INFO:AAPL:received bar start: 2022-07-06 19:13:00, close: 143.565, len(bars): 144
2022-07-06 21:14:01,116:strategy_scalping.py:102:INFO:AAPL:closes[-2:] = [143.51  143.565], mavg[-2:] = [143.43675 143.4385 ]
2022-07-06 21:15:01,119:strategy_scalping.py:115:INFO:AAPL:received bar start: 2022-07-06 19:14:00, close: 143.68, len(bars): 145
2022-07-06 21:15:01,123:strategy_scalping.py:102:INFO:AAPL:closes[-2:] = [143.565 143.68 ], mavg[-2:] = [143.4385 143.447 ]
2022-07-06 21:16:00,963:strategy_scalping.py:115:INFO:AAPL:received bar start: 2022-07-06 19:15:00, close: 143.56, len(bars): 146
2022-07-06 21:16:00,967:strategy_scalping.py:102:INFO:AAPL:closes[-2:] = [143.68 143.56], mavg[-2:] = [143.447   143.44925]
2022-07-06 21:17:01,314:strategy_scalping.py:115:INFO:AAPL:received bar start: 2022-07-06 19:16:00, close: 143.67, len(bars): 147
2022-07-06 21:17:01,318:strategy_scalping.py:102:INFO:AAPL:closes[-2:] = [143.56 143.67], mavg[-2:] = [143.44925 143.4565 ]
2022-07-06 21:18:01,004:strategy_scalping.py:115:INFO:AAPL:received bar start: 2022-07-06 19:17:00, close: 143.76, len(bars): 148
2022-07-06 21:18:01,008:strategy_scalping.py:102:INFO:AAPL:closes[-2:] = [143.67 143.76], mavg[-2:] = [143.4565 143.471 ]
2022-07-06 21:19:01,190:strategy_scalping.py:115:INFO:AAPL:received bar start: 2022-07-06 19:18:00, close: 143.78, len(bars): 149
2022-07-06 21:19:01,195:strategy_scalping.py:102:INFO:AAPL:closes[-2:] = [143.76 143.78], mavg[-2:] = [143.471 143.479]
2022-07-06 21:20:01,045:strategy_scalping.py:115:INFO:AAPL:received bar start: 2022-07-06 19:19:00, close: 143.785, len(bars): 150
2022-07-06 21:20:01,048:strategy_scalping.py:102:INFO:AAPL:closes[-2:] = [143.78  143.785], mavg[-2:] = [143.479   143.48825]
2022-07-06 21:21:01,112:strategy_scalping.py:115:INFO:AAPL:received bar start: 2022-07-06 19:20:00, close: 143.82, len(bars): 151
2022-07-06 21:21:01,116:strategy_scalping.py:102:INFO:AAPL:closes[-2:] = [143.785 143.82 ], mavg[-2:] = [143.48825 143.51225]
2022-07-06 21:22:00,236:strategy_scalping.py:115:INFO:AAPL:received bar start: 2022-07-06 19:21:00, close: 143.8, len(bars): 152
2022-07-06 21:22:00,240:strategy_scalping.py:102:INFO:AAPL:closes[-2:] = [143.82 143.8 ], mavg[-2:] = [143.51225 143.54025]
2022-07-06 21:23:01,016:strategy_scalping.py:115:INFO:AAPL:received bar start: 2022-07-06 19:22:00, close: 143.855, len(bars): 153
2022-07-06 21:23:01,020:strategy_scalping.py:102:INFO:AAPL:closes[-2:] = [143.8   143.855], mavg[-2:] = [143.54025 143.57225]
2022-07-06 21:24:01,062:strategy_scalping.py:115:INFO:AAPL:received bar start: 2022-07-06 19:23:00, close: 143.88, len(bars): 154
2022-07-06 21:24:01,066:strategy_scalping.py:102:INFO:AAPL:closes[-2:] = [143.855 143.88 ], mavg[-2:] = [143.57225 143.607  ]
2022-07-06 21:25:01,104:strategy_scalping.py:115:INFO:AAPL:received bar start: 2022-07-06 19:24:00, close: 143.91, len(bars): 155
2022-07-06 21:25:01,108:strategy_scalping.py:102:INFO:AAPL:closes[-2:] = [143.88 143.91], mavg[-2:] = [143.607 143.639]
2022-07-06 21:26:01,290:strategy_scalping.py:115:INFO:AAPL:received bar start: 2022-07-06 19:25:00, close: 143.8, len(bars): 156
2022-07-06 21:26:01,293:strategy_scalping.py:102:INFO:AAPL:closes[-2:] = [143.91 143.8 ], mavg[-2:] = [143.639   143.66625]
2022-07-06 21:27:01,124:strategy_scalping.py:115:INFO:AAPL:received bar start: 2022-07-06 19:26:00, close: 143.895, len(bars): 157
2022-07-06 21:27:01,128:strategy_scalping.py:102:INFO:AAPL:closes[-2:] = [143.8   143.895], mavg[-2:] = [143.66625 143.694  ]
2022-07-06 21:28:01,304:strategy_scalping.py:115:INFO:AAPL:received bar start: 2022-07-06 19:27:00, close: 143.805, len(bars): 158
2022-07-06 21:28:01,308:strategy_scalping.py:102:INFO:AAPL:closes[-2:] = [143.895 143.805], mavg[-2:] = [143.694   143.71325]
2022-07-06 21:29:01,109:strategy_scalping.py:115:INFO:AAPL:received bar start: 2022-07-06 19:28:00, close: 143.87, len(bars): 159
2022-07-06 21:29:01,113:strategy_scalping.py:102:INFO:AAPL:closes[-2:] = [143.805 143.87 ], mavg[-2:] = [143.71325 143.73575]
2022-07-06 21:30:00,192:strategy_scalping.py:115:INFO:AAPL:received bar start: 2022-07-06 19:29:00, close: 143.895, len(bars): 160
2022-07-06 21:30:00,196:strategy_scalping.py:102:INFO:AAPL:closes[-2:] = [143.87  143.895], mavg[-2:] = [143.73575 143.756  ]
2022-07-06 21:31:00,506:strategy_scalping.py:115:INFO:AAPL:received bar start: 2022-07-06 19:30:00, close: 143.825, len(bars): 161
2022-07-06 21:31:00,509:strategy_scalping.py:102:INFO:AAPL:closes[-2:] = [143.895 143.825], mavg[-2:] = [143.756   143.76825]
2022-07-06 21:32:01,130:strategy_scalping.py:115:INFO:AAPL:received bar start: 2022-07-06 19:31:00, close: 143.91, len(bars): 162
2022-07-06 21:32:01,134:strategy_scalping.py:102:INFO:AAPL:closes[-2:] = [143.825 143.91 ], mavg[-2:] = [143.76825 143.77875]
2022-07-06 21:33:01,182:strategy_scalping.py:115:INFO:AAPL:received bar start: 2022-07-06 19:32:00, close: 143.91, len(bars): 163
2022-07-06 21:33:01,186:strategy_scalping.py:102:INFO:AAPL:closes[-2:] = [143.91 143.91], mavg[-2:] = [143.77875 143.79875]
2022-07-06 21:34:01,347:strategy_scalping.py:115:INFO:AAPL:received bar start: 2022-07-06 19:33:00, close: 143.9, len(bars): 164
2022-07-06 21:34:01,351:strategy_scalping.py:102:INFO:AAPL:closes[-2:] = [143.91 143.9 ], mavg[-2:] = [143.79875 143.8155 ]
2022-07-06 21:35:01,203:strategy_scalping.py:115:INFO:AAPL:received bar start: 2022-07-06 19:34:00, close: 143.93, len(bars): 165
2022-07-06 21:35:01,207:strategy_scalping.py:102:INFO:AAPL:closes[-2:] = [143.9  143.93], mavg[-2:] = [143.8155 143.828 ]
2022-07-06 21:36:01,262:strategy_scalping.py:115:INFO:AAPL:received bar start: 2022-07-06 19:35:00, close: 144.015, len(bars): 166
2022-07-06 21:36:01,266:strategy_scalping.py:102:INFO:AAPL:closes[-2:] = [143.93  144.015], mavg[-2:] = [143.828   143.85075]
2022-07-06 21:37:01,164:strategy_scalping.py:115:INFO:AAPL:received bar start: 2022-07-06 19:36:00, close: 144.02, len(bars): 167
2022-07-06 21:37:01,168:strategy_scalping.py:102:INFO:AAPL:closes[-2:] = [144.015 144.02 ], mavg[-2:] = [143.85075 143.86825]
2022-07-06 21:38:01,176:strategy_scalping.py:115:INFO:AAPL:received bar start: 2022-07-06 19:37:00, close: 143.905, len(bars): 168
2022-07-06 21:38:01,182:strategy_scalping.py:102:INFO:AAPL:closes[-2:] = [144.02  143.905], mavg[-2:] = [143.86825 143.8755 ]
2022-07-06 21:39:01,385:strategy_scalping.py:115:INFO:AAPL:received bar start: 2022-07-06 19:38:00, close: 143.795, len(bars): 169
2022-07-06 21:39:01,389:strategy_scalping.py:102:INFO:AAPL:closes[-2:] = [143.905 143.795], mavg[-2:] = [143.8755  143.87625]
2022-07-06 21:40:01,229:strategy_scalping.py:115:INFO:AAPL:received bar start: 2022-07-06 19:39:00, close: 143.775, len(bars): 170
2022-07-06 21:40:01,233:strategy_scalping.py:102:INFO:AAPL:closes[-2:] = [143.795 143.775], mavg[-2:] = [143.87625 143.87575]
2022-07-06 21:41:01,197:strategy_scalping.py:115:INFO:AAPL:received bar start: 2022-07-06 19:40:00, close: 143.72, len(bars): 171
2022-07-06 21:41:01,201:strategy_scalping.py:102:INFO:AAPL:closes[-2:] = [143.775 143.72 ], mavg[-2:] = [143.87575 143.87075]
2022-07-06 21:42:01,306:strategy_scalping.py:115:INFO:AAPL:received bar start: 2022-07-06 19:41:00, close: 143.73, len(bars): 172
2022-07-06 21:42:01,310:strategy_scalping.py:102:INFO:AAPL:closes[-2:] = [143.72 143.73], mavg[-2:] = [143.87075 143.86725]
2022-07-06 21:43:01,106:strategy_scalping.py:115:INFO:AAPL:received bar start: 2022-07-06 19:42:00, close: 143.735, len(bars): 173
2022-07-06 21:43:01,111:strategy_scalping.py:102:INFO:AAPL:closes[-2:] = [143.73  143.735], mavg[-2:] = [143.86725 143.86125]
2022-07-06 21:44:01,319:strategy_scalping.py:115:INFO:AAPL:received bar start: 2022-07-06 19:43:00, close: 143.765, len(bars): 174
2022-07-06 21:44:01,322:strategy_scalping.py:102:INFO:AAPL:closes[-2:] = [143.735 143.765], mavg[-2:] = [143.86125 143.8555 ]
2022-07-06 21:45:00,304:strategy_scalping.py:115:INFO:AAPL:received bar start: 2022-07-06 19:44:00, close: 143.61, len(bars): 175
2022-07-06 21:45:00,308:strategy_scalping.py:102:INFO:AAPL:closes[-2:] = [143.765 143.61 ], mavg[-2:] = [143.8555 143.8405]
2022-07-06 21:46:01,255:strategy_scalping.py:115:INFO:AAPL:received bar start: 2022-07-06 19:45:00, close: 143.525, len(bars): 176
2022-07-06 21:46:01,259:strategy_scalping.py:102:INFO:AAPL:closes[-2:] = [143.61  143.525], mavg[-2:] = [143.8405  143.82675]
2022-07-06 21:47:01,306:strategy_scalping.py:115:INFO:AAPL:received bar start: 2022-07-06 19:46:00, close: 143.43, len(bars): 177
2022-07-06 21:47:01,310:strategy_scalping.py:102:INFO:AAPL:closes[-2:] = [143.525 143.43 ], mavg[-2:] = [143.82675 143.8035 ]
2022-07-06 21:48:01,333:strategy_scalping.py:115:INFO:AAPL:received bar start: 2022-07-06 19:47:00, close: 143.405, len(bars): 178
2022-07-06 21:48:01,344:strategy_scalping.py:102:INFO:AAPL:closes[-2:] = [143.43  143.405], mavg[-2:] = [143.8035 143.7835]
2022-07-06 21:49:01,240:strategy_scalping.py:115:INFO:AAPL:received bar start: 2022-07-06 19:48:00, close: 143.18, len(bars): 179
2022-07-06 21:49:01,244:strategy_scalping.py:102:INFO:AAPL:closes[-2:] = [143.405 143.18 ], mavg[-2:] = [143.7835 143.749 ]
2022-07-06 21:50:01,246:strategy_scalping.py:115:INFO:AAPL:received bar start: 2022-07-06 19:49:00, close: 143.19, len(bars): 180
2022-07-06 21:50:01,250:strategy_scalping.py:102:INFO:AAPL:closes[-2:] = [143.18 143.19], mavg[-2:] = [143.749   143.71375]
2022-07-06 21:51:01,457:strategy_scalping.py:115:INFO:AAPL:received bar start: 2022-07-06 19:50:00, close: 142.895, len(bars): 181
2022-07-06 21:51:01,462:strategy_scalping.py:102:INFO:AAPL:closes[-2:] = [143.19  142.895], mavg[-2:] = [143.71375 143.66725]
2022-07-06 21:52:01,261:strategy_scalping.py:115:INFO:AAPL:received bar start: 2022-07-06 19:51:00, close: 142.815, len(bars): 182
2022-07-06 21:52:01,265:strategy_scalping.py:102:INFO:AAPL:closes[-2:] = [142.895 142.815], mavg[-2:] = [143.66725 143.6125 ]
2022-07-06 21:53:01,266:strategy_scalping.py:115:INFO:AAPL:received bar start: 2022-07-06 19:52:00, close: 142.745, len(bars): 183
2022-07-06 21:53:01,277:strategy_scalping.py:102:INFO:AAPL:closes[-2:] = [142.815 142.745], mavg[-2:] = [143.6125  143.55425]
2022-07-06 21:54:01,199:strategy_scalping.py:115:INFO:AAPL:received bar start: 2022-07-06 19:53:00, close: 142.5, len(bars): 184
2022-07-06 21:54:01,208:strategy_scalping.py:102:INFO:AAPL:closes[-2:] = [142.745 142.5  ], mavg[-2:] = [143.55425 143.48425]
2022-07-06 21:55:01,515:strategy_scalping.py:115:INFO:AAPL:received bar start: 2022-07-06 19:54:00, close: 142.505, len(bars): 185
2022-07-06 21:56:01,389:strategy_scalping.py:115:INFO:AAPL:received bar start: 2022-07-06 19:55:00, close: 142.69, len(bars): 186
2022-07-06 21:57:01,395:strategy_scalping.py:115:INFO:AAPL:received bar start: 2022-07-06 19:56:00, close: 142.85, len(bars): 187
2022-07-06 21:58:01,435:strategy_scalping.py:115:INFO:AAPL:received bar start: 2022-07-06 19:57:00, close: 142.785, len(bars): 188
2022-07-06 21:59:01,514:strategy_scalping.py:115:INFO:AAPL:received bar start: 2022-07-06 19:58:00, close: 142.84, len(bars): 189
2022-07-06 22:00:00,293:strategy_scalping.py:115:INFO:AAPL:received bar start: 2022-07-06 19:59:00, close: 142.95, len(bars): 190
